\BOOKMARK [1][-]{section*.4}{\376\377\000A\000c\000k\000n\000o\000w\000l\000e\000d\000g\000e\000m\000e\000n\000t\000s}{}% 1
\BOOKMARK [1][-]{section.1}{\376\377\000I\000n\000t\000r\000o\000d\000u\000c\000t\000i\000o\000n}{}% 2
\BOOKMARK [1][-]{section.2}{\376\377\000D\000a\000t\000a\000\040\000c\000o\000l\000l\000e\000c\000t\000i\000o\000n}{}% 3
\BOOKMARK [2][-]{subsection.2.1}{\376\377\000I\000n\000f\000i\000n\000i\000t\000y\000\040\000l\000a\000b}{section.2}% 4
\BOOKMARK [2][-]{subsection.2.2}{\376\377\000P\000r\000e\000p\000a\000r\000a\000t\000i\000o\000n\000\040\000a\000n\000d\000\040\000c\000a\000l\000i\000b\000r\000a\000t\000i\000o\000n\000\040}{section.2}% 5
\BOOKMARK [2][-]{subsection.2.3}{\376\377\000P\000e\000r\000f\000o\000r\000m\000i\000n\000g\000\040\000t\000h\000e\000\040\000M\000R\000I\000\040\000s\000c\000a\000n}{section.2}% 6
\BOOKMARK [2][-]{subsection.2.4}{\376\377\000I\000m\000a\000g\000e\000\040\000D\000a\000t\000a\000s\000e\000t\000s}{section.2}% 7
\BOOKMARK [1][-]{section.3}{\376\377\000P\000r\000e\000-\000p\000r\000o\000c\000e\000s\000s\000i\000n\000g\000\040\000a\000n\000d\000\040\000d\000a\000t\000a\000\040\000a\000u\000g\000m\000e\000n\000t\000a\000t\000i\000o\000n}{}% 8
\BOOKMARK [2][-]{subsection.3.1}{\376\377\000R\000e\000m\000o\000v\000a\000l\000\040\000o\000f\000\040\000b\000a\000d\000\040\000i\000m\000a\000g\000e\000\040\000s\000l\000i\000c\000e\000s}{section.3}% 9
\BOOKMARK [2][-]{subsection.3.2}{\376\377\000C\000r\000o\000p\000p\000i\000n\000g\000\040\000o\000f\000\040\000t\000h\000e\000\040\000i\000m\000a\000g\000e\000\040\000s\000l\000i\000c\000e\000s}{section.3}% 10
\BOOKMARK [2][-]{subsection.3.3}{\376\377\000Z\000a\000r\000r\000\040\000a\000r\000r\000a\000y\000s}{section.3}% 11
\BOOKMARK [2][-]{subsection.3.4}{\376\377\000N\000o\000r\000m\000a\000l\000i\000z\000a\000t\000i\000o\000n}{section.3}% 12
\BOOKMARK [2][-]{subsection.3.5}{\376\377\000P\000a\000d\000d\000i\000n\000g\000\040\000a\000n\000d\000\040\000r\000a\000n\000d\000o\000m\000\040\000f\000l\000i\000p\000p\000i\000n\000g}{section.3}% 13
\BOOKMARK [1][-]{section.4}{\376\377\000N\000e\000u\000r\000a\000l\000\040\000N\000e\000t\000w\000o\000r\000k\000\040\000a\000n\000d\000\040\000T\000r\000a\000i\000n\000i\000n\000g\000\040\000P\000r\000o\000c\000e\000s\000s}{}% 14
\BOOKMARK [2][-]{subsection.4.1}{\376\377\000M\000o\000d\000e\000l\000\040\000a\000r\000c\000h\000i\000t\000e\000c\000t\000u\000r\000e}{section.4}% 15
\BOOKMARK [2][-]{subsection.4.2}{\376\377\000H\000y\000p\000e\000r\000p\000a\000r\000a\000m\000e\000t\000e\000r\000\040\000O\000p\000t\000i\000m\000i\000z\000a\000t\000i\000o\000n\000\040\000f\000o\000r\000\040\000T\000r\000a\000i\000n\000i\000n\000g\000\040\000o\000f\000\040\000t\000h\000e\000\040\000U\000-\000N\000e\000t}{section.4}% 16
\BOOKMARK [3][-]{subsubsection.4.2.1}{\376\377\000H\000y\000p\000e\000r\000p\000a\000r\000a\000m\000e\000t\000e\000r\000s\000\040\000f\000o\000\040\000t\000h\000e\000\040\000N\000e\000t\000w\000o\000r\000k\000\040\000S\000t\000r\000u\000c\000t\000u\000r\000e\000\040}{subsection.4.2}% 17
\BOOKMARK [3][-]{subsubsection.4.2.2}{\376\377\000H\000y\000p\000e\000r\000p\000a\000r\000a\000m\000e\000t\000e\000r\000s\000\040\000o\000f\000\040\000t\000h\000e\000\040\000T\000r\000a\000i\000n\000i\000n\000g\000\040\000P\000r\000o\000c\000e\000s\000s}{subsection.4.2}% 18
\BOOKMARK [2][-]{subsection.4.3}{\376\377\000A\000n\000c\000h\000o\000r\000e\000d\000\040\000P\000a\000t\000h\000\040\000D\000i\000f\000f\000u\000s\000i\000o\000n\000\040\000D\000e\000n\000o\000i\000s\000i\000n\000g\000\040\000M\000o\000d\000e\000l\000\040\000\050\000A\000P\000D\000D\000M\000\051}{section.4}% 19
\BOOKMARK [3][-]{subsubsection.4.3.1}{\376\377\000F\000o\000r\000w\000a\000r\000d\000\040\000D\000i\000f\000f\000u\000s\000i\000o\000n\000\040\000P\000r\000o\000c\000e\000s\000s}{subsection.4.3}% 20
\BOOKMARK [3][-]{subsubsection.4.3.2}{\376\377\000R\000e\000v\000e\000r\000s\000e\000\040\000P\000r\000o\000c\000e\000s\000s\000\040\000a\000n\000d\000\040\000T\000r\000a\000i\000n\000i\000n\000g}{subsection.4.3}% 21
\BOOKMARK [3][-]{subsubsection.4.3.3}{\376\377\000I\000n\000t\000e\000g\000r\000a\000t\000i\000o\000n}{subsection.4.3}% 22
\BOOKMARK [1][-]{section.5}{\376\377\000M\000o\000d\000e\000l\000\040\000p\000e\000r\000f\000o\000r\000m\000a\000n\000c\000e\000\040\000e\000v\000a\000l\000u\000a\000t\000i\000o\000n}{}% 23
\BOOKMARK [2][-]{subsection.5.1}{\376\377\000M\000e\000a\000n\000\040\000s\000q\000u\000a\000r\000e\000d\000\040\000e\000r\000r\000o\000r}{section.5}% 24
\BOOKMARK [2][-]{subsection.5.2}{\376\377\000S\000t\000r\000u\000c\000t\000u\000r\000a\000l\000\040\000s\000i\000m\000i\000l\000a\000r\000i\000t\000y\000\040\000i\000n\000d\000e\000x\000\040\000m\000e\000a\000s\000u\000r\000e}{section.5}% 25
\BOOKMARK [2][-]{subsection.5.3}{\376\377\000C\000o\000n\000t\000r\000a\000s\000t\000-\000t\000o\000-\000n\000o\000i\000s\000e\000\040\000r\000a\000t\000i\000o}{section.5}% 26
\BOOKMARK [2][-]{subsection.5.4}{\376\377\000V\000i\000s\000u\000a\000l\000\040\000c\000o\000m\000p\000a\000r\000i\000s\000o\000n}{section.5}% 27
\BOOKMARK [1][-]{section.6}{\376\377\000R\000e\000s\000u\000l\000t\000s}{}% 28
\BOOKMARK [2][-]{subsection.6.1}{\376\377\000F\000i\000r\000s\000t\000\040\000r\000e\000s\000u\000l\000t\000s}{section.6}% 29
\BOOKMARK [2][-]{subsection.6.2}{\376\377\000T\000r\000a\000i\000n\000e\000d\000\040\000h\000y\000p\000e\000r\000p\000a\000r\000a\000m\000e\000t\000e\000r\000s}{section.6}% 30
\BOOKMARK [2][-]{subsection.6.3}{\376\377\000R\000e\000s\000u\000l\000t\000s\000\040\000a\000f\000t\000e\000r\000\040\000h\000y\000p\000e\000r\000p\000a\000r\000a\000m\000e\000t\000e\000r\000\040\000t\000r\000a\000i\000n\000i\000n\000g}{section.6}% 31
\BOOKMARK [2][-]{subsection.6.4}{\376\377\000A\000P\000D\000D\000M}{section.6}% 32
\BOOKMARK [2][-]{subsection.6.5}{\376\377\000V\000a\000l\000i\000d\000a\000t\000i\000o\000n}{section.6}% 33
\BOOKMARK [3][-]{subsubsection.6.5.1}{\376\377\000C\000o\000n\000t\000r\000a\000s\000t\000-\000t\000o\000-\000n\000o\000i\000s\000e\000\040\000r\000a\000t\000i\000o}{subsection.6.5}% 34
\BOOKMARK [3][-]{subsubsection.6.5.2}{\376\377\000V\000i\000s\000u\000a\000l\000\040\000c\000o\000m\000p\000a\000r\000i\000s\000o\000n}{subsection.6.5}% 35
\BOOKMARK [1][-]{section.7}{\376\377\000D\000i\000s\000c\000u\000s\000s\000i\000o\000n}{}% 36
\BOOKMARK [2][-]{subsection.7.1}{\376\377\000F\000i\000r\000s\000t\000\040\000r\000e\000s\000u\000l\000t\000s}{section.7}% 37
\BOOKMARK [2][-]{subsection.7.2}{\376\377\000T\000r\000a\000i\000n\000e\000d\000\040\000h\000y\000p\000e\000r\000p\000a\000r\000a\000m\000e\000t\000e\000r\000s}{section.7}% 38
\BOOKMARK [2][-]{subsection.7.3}{\376\377\000R\000e\000s\000u\000l\000t\000s\000\040\000a\000f\000t\000e\000r\000\040\000h\000y\000p\000e\000r\000p\000a\000r\000a\000m\000e\000t\000e\000r\000\040\000t\000r\000a\000i\000n\000i\000n\000g}{section.7}% 39
\BOOKMARK [2][-]{subsection.7.4}{\376\377\000A\000P\000D\000D\000M}{section.7}% 40
\BOOKMARK [2][-]{subsection.7.5}{\376\377\000V\000a\000l\000i\000d\000a\000t\000i\000o\000n}{section.7}% 41
\BOOKMARK [3][-]{subsubsection.7.5.1}{\376\377\000V\000i\000s\000u\000a\000l\000\040\000c\000o\000m\000p\000a\000r\000i\000s\000o\000n}{subsection.7.5}% 42
\BOOKMARK [1][-]{section.8}{\376\377\000C\000o\000n\000c\000l\000u\000s\000i\000o\000n}{}% 43
\BOOKMARK [1][-]{section*.34}{\376\377\000A\000p\000p\000e\000n\000d\000i\000c\000e\000s}{}% 44
\BOOKMARK [1][-]{appendix.1.A}{\376\377\000A\000p\000p\000e\000n\000d\000i\000x\000:\000\040\000G\000a\000n\000t\000t\000\040\000c\000h\000a\000r\000t}{}% 45
\BOOKMARK [1][-]{appendix.1.B}{\376\377\000A\000p\000p\000e\000n\000d\000i\000x\000:\000\040\000F\000i\000g\000u\000r\000e\000s\000\040\000P\000r\000e\000p\000r\000o\000c\000e\000s\000s\000i\000n\000g}{}% 46
\BOOKMARK [1][-]{appendix.1.C}{\376\377\000A\000p\000p\000e\000n\000d\000i\000x\000:\000\040\000M\000a\000t\000h\000e\000m\000a\000t\000i\000c\000s\000\040\000A\000P\000D\000D\000M}{}% 47
\BOOKMARK [2][-]{subsection.1.C.1}{\376\377\000A\000n\000s\000a\000t\000z\000:\000\040\000l\000i\000n\000e\000a\000r\000\040\000i\000n\000t\000e\000r\000p\000o\000l\000a\000t\000i\000o\000n\000\040\000b\000e\000t\000w\000e\000e\000n\000\040\000i\000m\000a\000g\000e\000\040\000p\000a\000i\000r}{appendix.1.C}% 48
\BOOKMARK [2][-]{subsection.1.C.2}{\376\377\000P\000r\000o\000p\000o\000s\000i\000t\000i\000o\000n\000\040\000o\000f\000\040\000t\000h\000e\000\040\000M\000a\000r\000k\000o\000v\000i\000a\000n\000\040\000p\000r\000o\000c\000e\000s\000s}{appendix.1.C}% 49
\BOOKMARK [2][-]{subsection.1.C.3}{\376\377\000E\000x\000p\000e\000c\000t\000e\000d\000\040\000v\000a\000l\000u\000e\000\040\000o\000f\000\040\000t\000h\000e\000\040\000e\000n\000d\000p\000o\000i\000n\000t}{appendix.1.C}% 50
\BOOKMARK [2][-]{subsection.1.C.4}{\376\377\000V\000a\000r\000i\000a\000n\000c\000e\000\040\000o\000f\000\040\000t\000h\000e\000\040\000e\000n\000d\000p\000o\000i\000n\000t}{appendix.1.C}% 51
\BOOKMARK [2][-]{subsection.1.C.5}{\376\377\000C\000o\000n\000t\000r\000o\000l\000l\000i\000n\000g\000\040\000t\000h\000e\000\040\000v\000a\000r\000i\000a\000n\000c\000e}{appendix.1.C}% 52
\BOOKMARK [2][-]{subsection.1.C.6}{\376\377\000M\000S\000E\000\040\000s\000t\000a\000b\000i\000l\000i\000t\000y}{appendix.1.C}% 53
\BOOKMARK [1][-]{appendix.1.D}{\376\377\000A\000p\000p\000e\000n\000d\000i\000x\000:\000\040\000F\000i\000g\000u\000r\000e\000s\000\040\000R\000e\000s\000u\000l\000t\000s}{}% 54
\BOOKMARK [2][-]{subsection.1.D.1}{\376\377\000A\000p\000p\000e\000n\000d\000i\000x\000:\000\040\000f\000i\000r\000s\000t\000\040\000r\000e\000s\000u\000l\000t\000s}{appendix.1.D}% 55
\BOOKMARK [2][-]{subsection.1.D.2}{\376\377\000A\000p\000p\000e\000n\000d\000i\000x\000:\000\040\000r\000e\000s\000u\000l\000t\000s\000\040\000a\000f\000t\000e\000r\000\040\000h\000y\000p\000e\000r\000p\000a\000r\000a\000m\000e\000t\000e\000r\000\040\000t\000u\000n\000i\000n\000g}{appendix.1.D}% 56
