This is pdfTeX, Version 3.141592653-2.6-1.40.27 (MiKTeX 25.4) (preloaded format=pdflatex 2025.5.6)  16 MAY 2025 12:07
entering extended mode
 restricted \write18 enabled.
 file:line:error style messages enabled.
 %&-line parsing enabled.
**c:/Users/wolfd/Documents/Ugent/VOP/Report/main.tex
(c:/Users/wolfd/Documents/Ugent/VOP/Report/main.tex
LaTeX2e <2024-11-01> patch level 2
L3 programming layer <2025-04-14>
(C:\Users\wolfd\AppData\Local\Programs\MiKTeX\tex/latex/base\article.cls
Document Class: article 2024/06/29 v1.4n Standard LaTeX document class
(C:\Users\wolfd\AppData\Local\Programs\MiKTeX\tex/latex/base\size10.clo
File: size10.clo 2024/06/29 v1.4n Standard LaTeX file (size option)
)
\c@part=\count272
\c@section=\count273
\c@subsection=\count274
\c@subsubsection=\count275
\c@paragraph=\count276
\c@subparagraph=\count277
\c@figure=\count278
\c@table=\count279
\abovecaptionskip=\skip49
\belowcaptionskip=\skip50
\bibindent=\dimen146
) (C:\Users\wolfd\AppData\Local\Programs\MiKTeX\tex/generic/babel\babel.sty
Package: babel 2025/04/29 v25.8 The multilingual framework for pdfLaTeX, LuaLaTeX and XeLaTeX
\babel@savecnt=\count280
\U@D=\dimen147
\l@unhyphenated=\language79
 (C:\Users\wolfd\AppData\Local\Programs\MiKTeX\tex/generic/babel\txtbabel.def)
\bbl@readstream=\read2
\bbl@dirlevel=\count281

*************************************
* Local config file bblopts.cfg used
*
(C:\Users\wolfd\AppData\Local\Programs\MiKTeX\tex/latex/arabi\bblopts.cfg
File: bblopts.cfg 2005/09/08 v0.1 add Arabic and Farsi to "declared" options of babel
) (C:\Users\wolfd\AppData\Local\Programs\MiKTeX\tex/latex/babel-english\english.ldf
Language: english 2017/06/06 v3.3r English support from the babel system
 (C:\Users\wolfd\AppData\Local\Programs\MiKTeX\tex/generic/babel/locale/en\babel-english.tex
Package babel Info: Importing font and identification data for english
(babel)             from babel-en.ini. Reported on input line 11.
)
Package babel Info: Hyphen rules for 'canadian' set to \l@english
(babel)             (\language0). Reported on input line 102.
Package babel Info: Hyphen rules for 'australian' set to \l@ukenglish
(babel)             (\language73). Reported on input line 105.
Package babel Info: Hyphen rules for 'newzealand' set to \l@ukenglish
(babel)             (\language73). Reported on input line 108.
)) (C:\Users\wolfd\AppData\Local\Programs\MiKTeX\tex/latex/geometry\geometry.sty
Package: geometry 2020/01/02 v5.9 Page Geometry
 (C:\Users\wolfd\AppData\Local\Programs\MiKTeX\tex/latex/graphics\keyval.sty
Package: keyval 2022/05/29 v1.15 key=value parser (DPC)
\KV@toks@=\toks17
) (C:\Users\wolfd\AppData\Local\Programs\MiKTeX\tex/generic/iftex\ifvtex.sty
Package: ifvtex 2019/10/25 v1.7 ifvtex legacy package. Use iftex instead.
 (C:\Users\wolfd\AppData\Local\Programs\MiKTeX\tex/generic/iftex\iftex.sty
Package: iftex 2024/12/12 v1.0g TeX engine tests
))
\Gm@cnth=\count282
\Gm@cntv=\count283
\c@Gm@tempcnt=\count284
\Gm@bindingoffset=\dimen148
\Gm@wd@mp=\dimen149
\Gm@odd@mp=\dimen150
\Gm@even@mp=\dimen151
\Gm@layoutwidth=\dimen152
\Gm@layoutheight=\dimen153
\Gm@layouthoffset=\dimen154
\Gm@layoutvoffset=\dimen155
\Gm@dimlist=\toks18
 (C:\Users\wolfd\AppData\Local\Programs\MiKTeX\tex/latex/geometry\geometry.cfg)) (C:\Users\wolfd\AppData\Local\Programs\MiKTeX\tex/latex/derivative\derivative.sty (C:\Users\wolfd\AppData\Local\Programs\MiKTeX\tex/latex/l3kernel\expl3.sty
Package: expl3 2025-04-14 L3 programming layer (loader) 
 (C:\Users\wolfd\AppData\Local\Programs\MiKTeX\tex/latex/l3backend\l3backend-pdftex.def
File: l3backend-pdftex.def 2025-04-14 L3 backend support: PDF output (pdfTeX)
\l__color_backend_stack_int=\count285
)) (C:\Users\wolfd\AppData\Local\Programs\MiKTeX\tex/latex/l3packages/l3keys2e\l3keys2e.sty
Package: l3keys2e 2024-08-16 LaTeX2e option processing using LaTeX3 keys
)
Package: derivative 2024/02/08 v1.4 Nice and easy derivatives and differentials for LaTeX
\l__deriv_gcd_counter_int=\count286
\l__deriv_vmo_int=\count287
\l__deriv_var_count_int=\count288
\l__deriv_tmpa_int=\count289
\l__deriv_tmpb_int=\count290
\l__deriv_seq_pos_int=\count291
\l__deriv_sort_max_int=\count292
) (C:\Users\wolfd\AppData\Local\Programs\MiKTeX\tex/latex/amsmath\amsmath.sty
Package: amsmath 2024/11/05 v2.17t AMS math features
\@mathmargin=\skip51

For additional information on amsmath, use the `?' option.
(C:\Users\wolfd\AppData\Local\Programs\MiKTeX\tex/latex/amsmath\amstext.sty
Package: amstext 2021/08/26 v2.01 AMS text
 (C:\Users\wolfd\AppData\Local\Programs\MiKTeX\tex/latex/amsmath\amsgen.sty
File: amsgen.sty 1999/11/30 v2.0 generic functions
\@emptytoks=\toks19
\ex@=\dimen156
)) (C:\Users\wolfd\AppData\Local\Programs\MiKTeX\tex/latex/amsmath\amsbsy.sty
Package: amsbsy 1999/11/29 v1.2d Bold Symbols
\pmbraise@=\dimen157
) (C:\Users\wolfd\AppData\Local\Programs\MiKTeX\tex/latex/amsmath\amsopn.sty
Package: amsopn 2022/04/08 v2.04 operator names
)
\inf@bad=\count293
LaTeX Info: Redefining \frac on input line 233.
\uproot@=\count294
\leftroot@=\count295
LaTeX Info: Redefining \overline on input line 398.
LaTeX Info: Redefining \colon on input line 409.
\classnum@=\count296
\DOTSCASE@=\count297
LaTeX Info: Redefining \ldots on input line 495.
LaTeX Info: Redefining \dots on input line 498.
LaTeX Info: Redefining \cdots on input line 619.
\Mathstrutbox@=\box53
\strutbox@=\box54
LaTeX Info: Redefining \big on input line 721.
LaTeX Info: Redefining \Big on input line 722.
LaTeX Info: Redefining \bigg on input line 723.
LaTeX Info: Redefining \Bigg on input line 724.
\big@size=\dimen158
LaTeX Font Info:    Redeclaring font encoding OML on input line 742.
LaTeX Font Info:    Redeclaring font encoding OMS on input line 743.
\macc@depth=\count298
LaTeX Info: Redefining \bmod on input line 904.
LaTeX Info: Redefining \pmod on input line 909.
LaTeX Info: Redefining \smash on input line 939.
LaTeX Info: Redefining \relbar on input line 969.
LaTeX Info: Redefining \Relbar on input line 970.
\c@MaxMatrixCols=\count299
\dotsspace@=\muskip17
\c@parentequation=\count300
\dspbrk@lvl=\count301
\tag@help=\toks20
\row@=\count302
\column@=\count303
\maxfields@=\count304
\andhelp@=\toks21
\eqnshift@=\dimen159
\alignsep@=\dimen160
\tagshift@=\dimen161
\tagwidth@=\dimen162
\totwidth@=\dimen163
\lineht@=\dimen164
\@envbody=\toks22
\multlinegap=\skip52
\multlinetaggap=\skip53
\mathdisplay@stack=\toks23
LaTeX Info: Redefining \[ on input line 2953.
LaTeX Info: Redefining \] on input line 2954.
) (C:\Users\wolfd\AppData\Local\Programs\MiKTeX\tex/latex/amsfonts\amssymb.sty
Package: amssymb 2013/01/14 v3.01 AMS font symbols
 (C:\Users\wolfd\AppData\Local\Programs\MiKTeX\tex/latex/amsfonts\amsfonts.sty
Package: amsfonts 2013/01/14 v3.01 Basic AMSFonts support
\symAMSa=\mathgroup4
\symAMSb=\mathgroup5
LaTeX Font Info:    Redeclaring math symbol \hbar on input line 98.
LaTeX Font Info:    Overwriting math alphabet `\mathfrak' in version `bold'
(Font)                  U/euf/m/n --> U/euf/b/n on input line 106.
)) (C:\Users\wolfd\AppData\Local\Programs\MiKTeX\tex/latex/caption\subcaption.sty
Package: subcaption 2023/07/28 v1.6b Sub-captions (AR)
 (C:\Users\wolfd\AppData\Local\Programs\MiKTeX\tex/latex/caption\caption.sty
Package: caption 2023/08/05 v3.6o Customizing captions (AR)
 (C:\Users\wolfd\AppData\Local\Programs\MiKTeX\tex/latex/caption\caption3.sty
Package: caption3 2023/07/31 v2.4d caption3 kernel (AR)
\caption@tempdima=\dimen165
\captionmargin=\dimen166
\caption@leftmargin=\dimen167
\caption@rightmargin=\dimen168
\caption@width=\dimen169
\caption@indent=\dimen170
\caption@parindent=\dimen171
\caption@hangindent=\dimen172
Package caption Info: Standard document class detected.
)
\c@caption@flags=\count305
\c@continuedfloat=\count306
)
Package caption Info: New subtype `subfigure' on input line 238.
\c@subfigure=\count307
Package caption Info: New subtype `subtable' on input line 238.
\c@subtable=\count308
) (C:\Users\wolfd\AppData\Local\Programs\MiKTeX\tex/latex/makecell\makecell.sty
Package: makecell 2009/08/03 V0.1e Managing of Tab Column Heads and Cells
 (C:\Users\wolfd\AppData\Local\Programs\MiKTeX\tex/latex/tools\array.sty
Package: array 2024/10/17 v2.6g Tabular extension package (FMi)
\col@sep=\dimen173
\ar@mcellbox=\box55
\extrarowheight=\dimen174
\NC@list=\toks24
\extratabsurround=\skip54
\backup@length=\skip55
\ar@cellbox=\box56
)
\rotheadsize=\dimen175
\c@nlinenum=\count309
\TeXr@lab=\toks25
) (C:\Users\wolfd\AppData\Local\Programs\MiKTeX\tex/latex/float\float.sty
Package: float 2001/11/08 v1.3d Float enhancements (AL)
\c@float@type=\count310
\float@exts=\toks26
\float@box=\box57
\@float@everytoks=\toks27
\@floatcapt=\box58
) (C:\Users\wolfd\AppData\Local\Programs\MiKTeX\tex/latex/xcolor\xcolor.sty
Package: xcolor 2024/09/29 v3.02 LaTeX color extensions (UK)
 (C:\Users\wolfd\AppData\Local\Programs\MiKTeX\tex/latex/graphics-cfg\color.cfg
File: color.cfg 2016/01/02 v1.6 sample color configuration
)
Package xcolor Info: Driver file: pdftex.def on input line 274.
 (C:\Users\wolfd\AppData\Local\Programs\MiKTeX\tex/latex/graphics-def\pdftex.def
File: pdftex.def 2024/04/13 v1.2c Graphics/color driver for pdftex
) (C:\Users\wolfd\AppData\Local\Programs\MiKTeX\tex/latex/graphics\mathcolor.ltx)
Package xcolor Info: Model `cmy' substituted by `cmy0' on input line 1349.
Package xcolor Info: Model `hsb' substituted by `rgb' on input line 1353.
Package xcolor Info: Model `RGB' extended on input line 1365.
Package xcolor Info: Model `HTML' substituted by `rgb' on input line 1367.
Package xcolor Info: Model `Hsb' substituted by `hsb' on input line 1368.
Package xcolor Info: Model `tHsb' substituted by `hsb' on input line 1369.
Package xcolor Info: Model `HSB' substituted by `hsb' on input line 1370.
Package xcolor Info: Model `Gray' substituted by `gray' on input line 1371.
Package xcolor Info: Model `wave' substituted by `hsb' on input line 1372.
) (C:\Users\wolfd\AppData\Local\Programs\MiKTeX\tex/latex/colortbl\colortbl.sty
Package: colortbl 2024/07/06 v1.0i Color table columns (DPC)
\everycr=\toks28
\minrowclearance=\skip56
\rownum=\count311
) (C:\Users\wolfd\AppData\Local\Programs\MiKTeX\tex/latex/graphics\graphicx.sty
Package: graphicx 2021/09/16 v1.2d Enhanced LaTeX Graphics (DPC,SPQR)
 (C:\Users\wolfd\AppData\Local\Programs\MiKTeX\tex/latex/graphics\graphics.sty
Package: graphics 2024/08/06 v1.4g Standard LaTeX Graphics (DPC,SPQR)
 (C:\Users\wolfd\AppData\Local\Programs\MiKTeX\tex/latex/graphics\trig.sty
Package: trig 2023/12/02 v1.11 sin cos tan (DPC)
) (C:\Users\wolfd\AppData\Local\Programs\MiKTeX\tex/latex/graphics-cfg\graphics.cfg
File: graphics.cfg 2016/06/04 v1.11 sample graphics configuration
)
Package graphics Info: Driver file: pdftex.def on input line 106.
)
\Gin@req@height=\dimen176
\Gin@req@width=\dimen177
) (C:\Users\wolfd\AppData\Local\Programs\MiKTeX\tex/latex/placeins\placeins.sty
Package: placeins 2005/04/18  v 2.2
) (C:\Users\wolfd\AppData\Local\Programs\MiKTeX\tex/latex/hyperref\hyperref.sty
Package: hyperref 2024-11-05 v7.01l Hypertext links for LaTeX
 (C:\Users\wolfd\AppData\Local\Programs\MiKTeX\tex/latex/kvsetkeys\kvsetkeys.sty
Package: kvsetkeys 2022-10-05 v1.19 Key value parser (HO)
) (C:\Users\wolfd\AppData\Local\Programs\MiKTeX\tex/generic/kvdefinekeys\kvdefinekeys.sty
Package: kvdefinekeys 2019-12-19 v1.6 Define keys (HO)
) (C:\Users\wolfd\AppData\Local\Programs\MiKTeX\tex/generic/pdfescape\pdfescape.sty
Package: pdfescape 2019/12/09 v1.15 Implements pdfTeX's escape features (HO)
 (C:\Users\wolfd\AppData\Local\Programs\MiKTeX\tex/generic/ltxcmds\ltxcmds.sty
Package: ltxcmds 2023-12-04 v1.26 LaTeX kernel commands for general use (HO)
) (C:\Users\wolfd\AppData\Local\Programs\MiKTeX\tex/generic/pdftexcmds\pdftexcmds.sty
Package: pdftexcmds 2020-06-27 v0.33 Utility functions of pdfTeX for LuaTeX (HO)
 (C:\Users\wolfd\AppData\Local\Programs\MiKTeX\tex/generic/infwarerr\infwarerr.sty
Package: infwarerr 2019/12/03 v1.5 Providing info/warning/error messages (HO)
)
Package pdftexcmds Info: \pdf@primitive is available.
Package pdftexcmds Info: \pdf@ifprimitive is available.
Package pdftexcmds Info: \pdfdraftmode found.
)) (C:\Users\wolfd\AppData\Local\Programs\MiKTeX\tex/latex/hycolor\hycolor.sty
Package: hycolor 2020-01-27 v1.10 Color options for hyperref/bookmark (HO)
) (C:\Users\wolfd\AppData\Local\Programs\MiKTeX\tex/latex/hyperref\nameref.sty
Package: nameref 2023-11-26 v2.56 Cross-referencing by name of section
 (C:\Users\wolfd\AppData\Local\Programs\MiKTeX\tex/latex/refcount\refcount.sty
Package: refcount 2019/12/15 v3.6 Data extraction from label references (HO)
) (C:\Users\wolfd\AppData\Local\Programs\MiKTeX\tex/generic/gettitlestring\gettitlestring.sty
Package: gettitlestring 2019/12/15 v1.6 Cleanup title references (HO)
 (C:\Users\wolfd\AppData\Local\Programs\MiKTeX\tex/latex/kvoptions\kvoptions.sty
Package: kvoptions 2022-06-15 v3.15 Key value format for package options (HO)
))
\c@section@level=\count312
) (C:\Users\wolfd\AppData\Local\Programs\MiKTeX\tex/latex/etoolbox\etoolbox.sty
Package: etoolbox 2025/02/11 v2.5l e-TeX tools for LaTeX (JAW)
\etb@tempcnta=\count313
) (C:\Users\wolfd\AppData\Local\Programs\MiKTeX\tex/generic/stringenc\stringenc.sty
Package: stringenc 2019/11/29 v1.12 Convert strings between diff. encodings (HO)
)
\@linkdim=\dimen178
\Hy@linkcounter=\count314
\Hy@pagecounter=\count315
 (C:\Users\wolfd\AppData\Local\Programs\MiKTeX\tex/latex/hyperref\pd1enc.def
File: pd1enc.def 2024-11-05 v7.01l Hyperref: PDFDocEncoding definition (HO)
Now handling font encoding PD1 ...
... no UTF-8 mapping file for font encoding PD1
) (C:\Users\wolfd\AppData\Local\Programs\MiKTeX\tex/generic/intcalc\intcalc.sty
Package: intcalc 2019/12/15 v1.3 Expandable calculations with integers (HO)
)
\Hy@SavedSpaceFactor=\count316
 (C:\Users\wolfd\AppData\Local\Programs\MiKTeX\tex/latex/hyperref\puenc.def
File: puenc.def 2024-11-05 v7.01l Hyperref: PDF Unicode definition (HO)
Now handling font encoding PU ...
... no UTF-8 mapping file for font encoding PU
)
Package hyperref Info: Option `colorlinks' set `true' on input line 4040.
Package hyperref Info: Hyper figures OFF on input line 4157.
Package hyperref Info: Link nesting OFF on input line 4162.
Package hyperref Info: Hyper index ON on input line 4165.
Package hyperref Info: Plain pages OFF on input line 4172.
Package hyperref Info: Backreferencing OFF on input line 4177.
Package hyperref Info: Implicit mode ON; LaTeX internals redefined.
Package hyperref Info: Bookmarks ON on input line 4424.
\c@Hy@tempcnt=\count317
 (C:\Users\wolfd\AppData\Local\Programs\MiKTeX\tex/latex/url\url.sty
\Urlmuskip=\muskip18
Package: url 2013/09/16  ver 3.4  Verb mode for urls, etc.
)
LaTeX Info: Redefining \url on input line 4763.
\XeTeXLinkMargin=\dimen179
 (C:\Users\wolfd\AppData\Local\Programs\MiKTeX\tex/generic/bitset\bitset.sty
Package: bitset 2019/12/09 v1.3 Handle bit-vector datatype (HO)
 (C:\Users\wolfd\AppData\Local\Programs\MiKTeX\tex/generic/bigintcalc\bigintcalc.sty
Package: bigintcalc 2019/12/15 v1.5 Expandable calculations on big integers (HO)
))
\Fld@menulength=\count318
\Field@Width=\dimen180
\Fld@charsize=\dimen181
Package hyperref Info: Hyper figures OFF on input line 6042.
Package hyperref Info: Link nesting OFF on input line 6047.
Package hyperref Info: Hyper index ON on input line 6050.
Package hyperref Info: backreferencing OFF on input line 6057.
Package hyperref Info: Link coloring ON on input line 6060.
Package hyperref Info: Link coloring with OCG OFF on input line 6067.
Package hyperref Info: PDF/A mode OFF on input line 6072.
 (C:\Users\wolfd\AppData\Local\Programs\MiKTeX\tex/latex/base\atbegshi-ltx.sty
Package: atbegshi-ltx 2021/01/10 v1.0c Emulation of the original atbegshi
package with kernel methods
)
\Hy@abspage=\count319
\c@Item=\count320
\c@Hfootnote=\count321
)
Package hyperref Info: Driver (autodetected): hpdftex.
 (C:\Users\wolfd\AppData\Local\Programs\MiKTeX\tex/latex/hyperref\hpdftex.def
File: hpdftex.def 2024-11-05 v7.01l Hyperref driver for pdfTeX
 (C:\Users\wolfd\AppData\Local\Programs\MiKTeX\tex/latex/base\atveryend-ltx.sty
Package: atveryend-ltx 2020/08/19 v1.0a Emulation of the original atveryend package
with kernel methods
)
\Fld@listcount=\count322
\c@bookmark@seq@number=\count323
 (C:\Users\wolfd\AppData\Local\Programs\MiKTeX\tex/latex/rerunfilecheck\rerunfilecheck.sty
Package: rerunfilecheck 2022-07-10 v1.10 Rerun checks for auxiliary files (HO)
 (C:\Users\wolfd\AppData\Local\Programs\MiKTeX\tex/generic/uniquecounter\uniquecounter.sty
Package: uniquecounter 2019/12/15 v1.4 Provide unlimited unique counter (HO)
)
Package uniquecounter Info: New unique counter `rerunfilecheck' on input line 285.
)
\Hy@SectionHShift=\skip57
) (C:\Users\wolfd\AppData\Local\Programs\MiKTeX\tex/latex/appendix\appendix.sty
Package: appendix 2020/02/08 v1.2c extra appendix facilities
\c@@pps=\count324
\c@@ppsavesec=\count325
\c@@ppsaveapp=\count326
) (C:\Users\wolfd\AppData\Local\Programs\MiKTeX\tex/latex/pgfgantt\pgfgantt.sty
Package: pgfgantt 2024/06/19 v5.0a Draw Gantt diagrams with TikZ
 (C:\Users\wolfd\AppData\Local\Programs\MiKTeX\tex/latex/pgf/frontendlayer\tikz.sty (C:\Users\wolfd\AppData\Local\Programs\MiKTeX\tex/latex/pgf/basiclayer\pgf.sty (C:\Users\wolfd\AppData\Local\Programs\MiKTeX\tex/latex/pgf/utilities\pgfrcs.sty (C:\Users\wolfd\AppData\Local\Programs\MiKTeX\tex/generic/pgf/utilities\pgfutil-common.tex
\pgfutil@everybye=\toks29
\pgfutil@tempdima=\dimen182
\pgfutil@tempdimb=\dimen183
) (C:\Users\wolfd\AppData\Local\Programs\MiKTeX\tex/generic/pgf/utilities\pgfutil-latex.def
\pgfutil@abb=\box59
) (C:\Users\wolfd\AppData\Local\Programs\MiKTeX\tex/generic/pgf/utilities\pgfrcs.code.tex (C:\Users\wolfd\AppData\Local\Programs\MiKTeX\tex/generic/pgf\pgf.revision.tex)
Package: pgfrcs 2023-01-15 v3.1.10 (3.1.10)
))
Package: pgf 2023-01-15 v3.1.10 (3.1.10)
 (C:\Users\wolfd\AppData\Local\Programs\MiKTeX\tex/latex/pgf/basiclayer\pgfcore.sty (C:\Users\wolfd\AppData\Local\Programs\MiKTeX\tex/latex/pgf/systemlayer\pgfsys.sty (C:\Users\wolfd\AppData\Local\Programs\MiKTeX\tex/generic/pgf/systemlayer\pgfsys.code.tex
Package: pgfsys 2023-01-15 v3.1.10 (3.1.10)
 (C:\Users\wolfd\AppData\Local\Programs\MiKTeX\tex/generic/pgf/utilities\pgfkeys.code.tex
\pgfkeys@pathtoks=\toks30
\pgfkeys@temptoks=\toks31
 (C:\Users\wolfd\AppData\Local\Programs\MiKTeX\tex/generic/pgf/utilities\pgfkeyslibraryfiltered.code.tex
\pgfkeys@tmptoks=\toks32
))
\pgf@x=\dimen184
\pgf@y=\dimen185
\pgf@xa=\dimen186
\pgf@ya=\dimen187
\pgf@xb=\dimen188
\pgf@yb=\dimen189
\pgf@xc=\dimen190
\pgf@yc=\dimen191
\pgf@xd=\dimen192
\pgf@yd=\dimen193
\w@pgf@writea=\write3
\r@pgf@reada=\read3
\c@pgf@counta=\count327
\c@pgf@countb=\count328
\c@pgf@countc=\count329
\c@pgf@countd=\count330
\t@pgf@toka=\toks33
\t@pgf@tokb=\toks34
\t@pgf@tokc=\toks35
\pgf@sys@id@count=\count331
 (C:\Users\wolfd\AppData\Local\Programs\MiKTeX\tex/generic/pgf/systemlayer\pgf.cfg
File: pgf.cfg 2023-01-15 v3.1.10 (3.1.10)
)
Driver file for pgf: pgfsys-pdftex.def
 (C:\Users\wolfd\AppData\Local\Programs\MiKTeX\tex/generic/pgf/systemlayer\pgfsys-pdftex.def
File: pgfsys-pdftex.def 2023-01-15 v3.1.10 (3.1.10)
 (C:\Users\wolfd\AppData\Local\Programs\MiKTeX\tex/generic/pgf/systemlayer\pgfsys-common-pdf.def
File: pgfsys-common-pdf.def 2023-01-15 v3.1.10 (3.1.10)
))) (C:\Users\wolfd\AppData\Local\Programs\MiKTeX\tex/generic/pgf/systemlayer\pgfsyssoftpath.code.tex
File: pgfsyssoftpath.code.tex 2023-01-15 v3.1.10 (3.1.10)
\pgfsyssoftpath@smallbuffer@items=\count332
\pgfsyssoftpath@bigbuffer@items=\count333
) (C:\Users\wolfd\AppData\Local\Programs\MiKTeX\tex/generic/pgf/systemlayer\pgfsysprotocol.code.tex
File: pgfsysprotocol.code.tex 2023-01-15 v3.1.10 (3.1.10)
)) (C:\Users\wolfd\AppData\Local\Programs\MiKTeX\tex/generic/pgf/basiclayer\pgfcore.code.tex
Package: pgfcore 2023-01-15 v3.1.10 (3.1.10)
 (C:\Users\wolfd\AppData\Local\Programs\MiKTeX\tex/generic/pgf/math\pgfmath.code.tex (C:\Users\wolfd\AppData\Local\Programs\MiKTeX\tex/generic/pgf/math\pgfmathutil.code.tex) (C:\Users\wolfd\AppData\Local\Programs\MiKTeX\tex/generic/pgf/math\pgfmathparser.code.tex
\pgfmath@dimen=\dimen194
\pgfmath@count=\count334
\pgfmath@box=\box60
\pgfmath@toks=\toks36
\pgfmath@stack@operand=\toks37
\pgfmath@stack@operation=\toks38
) (C:\Users\wolfd\AppData\Local\Programs\MiKTeX\tex/generic/pgf/math\pgfmathfunctions.code.tex) (C:\Users\wolfd\AppData\Local\Programs\MiKTeX\tex/generic/pgf/math\pgfmathfunctions.basic.code.tex) (C:\Users\wolfd\AppData\Local\Programs\MiKTeX\tex/generic/pgf/math\pgfmathfunctions.trigonometric.code.tex) (C:\Users\wolfd\AppData\Local\Programs\MiKTeX\tex/generic/pgf/math\pgfmathfunctions.random.code.tex) (C:\Users\wolfd\AppData\Local\Programs\MiKTeX\tex/generic/pgf/math\pgfmathfunctions.comparison.code.tex) (C:\Users\wolfd\AppData\Local\Programs\MiKTeX\tex/generic/pgf/math\pgfmathfunctions.base.code.tex) (C:\Users\wolfd\AppData\Local\Programs\MiKTeX\tex/generic/pgf/math\pgfmathfunctions.round.code.tex) (C:\Users\wolfd\AppData\Local\Programs\MiKTeX\tex/generic/pgf/math\pgfmathfunctions.misc.code.tex) (C:\Users\wolfd\AppData\Local\Programs\MiKTeX\tex/generic/pgf/math\pgfmathfunctions.integerarithmetics.code.tex) (C:\Users\wolfd\AppData\Local\Programs\MiKTeX\tex/generic/pgf/math\pgfmathcalc.code.tex) (C:\Users\wolfd\AppData\Local\Programs\MiKTeX\tex/generic/pgf/math\pgfmathfloat.code.tex
\c@pgfmathroundto@lastzeros=\count335
)) (C:\Users\wolfd\AppData\Local\Programs\MiKTeX\tex/generic/pgf/math\pgfint.code.tex) (C:\Users\wolfd\AppData\Local\Programs\MiKTeX\tex/generic/pgf/basiclayer\pgfcorepoints.code.tex
File: pgfcorepoints.code.tex 2023-01-15 v3.1.10 (3.1.10)
\pgf@picminx=\dimen195
\pgf@picmaxx=\dimen196
\pgf@picminy=\dimen197
\pgf@picmaxy=\dimen198
\pgf@pathminx=\dimen199
\pgf@pathmaxx=\dimen256
\pgf@pathminy=\dimen257
\pgf@pathmaxy=\dimen258
\pgf@xx=\dimen259
\pgf@xy=\dimen260
\pgf@yx=\dimen261
\pgf@yy=\dimen262
\pgf@zx=\dimen263
\pgf@zy=\dimen264
) (C:\Users\wolfd\AppData\Local\Programs\MiKTeX\tex/generic/pgf/basiclayer\pgfcorepathconstruct.code.tex
File: pgfcorepathconstruct.code.tex 2023-01-15 v3.1.10 (3.1.10)
\pgf@path@lastx=\dimen265
\pgf@path@lasty=\dimen266
) (C:\Users\wolfd\AppData\Local\Programs\MiKTeX\tex/generic/pgf/basiclayer\pgfcorepathusage.code.tex
File: pgfcorepathusage.code.tex 2023-01-15 v3.1.10 (3.1.10)
\pgf@shorten@end@additional=\dimen267
\pgf@shorten@start@additional=\dimen268
) (C:\Users\wolfd\AppData\Local\Programs\MiKTeX\tex/generic/pgf/basiclayer\pgfcorescopes.code.tex
File: pgfcorescopes.code.tex 2023-01-15 v3.1.10 (3.1.10)
\pgfpic=\box61
\pgf@hbox=\box62
\pgf@layerbox@main=\box63
\pgf@picture@serial@count=\count336
) (C:\Users\wolfd\AppData\Local\Programs\MiKTeX\tex/generic/pgf/basiclayer\pgfcoregraphicstate.code.tex
File: pgfcoregraphicstate.code.tex 2023-01-15 v3.1.10 (3.1.10)
\pgflinewidth=\dimen269
) (C:\Users\wolfd\AppData\Local\Programs\MiKTeX\tex/generic/pgf/basiclayer\pgfcoretransformations.code.tex
File: pgfcoretransformations.code.tex 2023-01-15 v3.1.10 (3.1.10)
\pgf@pt@x=\dimen270
\pgf@pt@y=\dimen271
\pgf@pt@temp=\dimen272
) (C:\Users\wolfd\AppData\Local\Programs\MiKTeX\tex/generic/pgf/basiclayer\pgfcorequick.code.tex
File: pgfcorequick.code.tex 2023-01-15 v3.1.10 (3.1.10)
) (C:\Users\wolfd\AppData\Local\Programs\MiKTeX\tex/generic/pgf/basiclayer\pgfcoreobjects.code.tex
File: pgfcoreobjects.code.tex 2023-01-15 v3.1.10 (3.1.10)
) (C:\Users\wolfd\AppData\Local\Programs\MiKTeX\tex/generic/pgf/basiclayer\pgfcorepathprocessing.code.tex
File: pgfcorepathprocessing.code.tex 2023-01-15 v3.1.10 (3.1.10)
) (C:\Users\wolfd\AppData\Local\Programs\MiKTeX\tex/generic/pgf/basiclayer\pgfcorearrows.code.tex
File: pgfcorearrows.code.tex 2023-01-15 v3.1.10 (3.1.10)
\pgfarrowsep=\dimen273
) (C:\Users\wolfd\AppData\Local\Programs\MiKTeX\tex/generic/pgf/basiclayer\pgfcoreshade.code.tex
File: pgfcoreshade.code.tex 2023-01-15 v3.1.10 (3.1.10)
\pgf@max=\dimen274
\pgf@sys@shading@range@num=\count337
\pgf@shadingcount=\count338
) (C:\Users\wolfd\AppData\Local\Programs\MiKTeX\tex/generic/pgf/basiclayer\pgfcoreimage.code.tex
File: pgfcoreimage.code.tex 2023-01-15 v3.1.10 (3.1.10)
) (C:\Users\wolfd\AppData\Local\Programs\MiKTeX\tex/generic/pgf/basiclayer\pgfcoreexternal.code.tex
File: pgfcoreexternal.code.tex 2023-01-15 v3.1.10 (3.1.10)
\pgfexternal@startupbox=\box64
) (C:\Users\wolfd\AppData\Local\Programs\MiKTeX\tex/generic/pgf/basiclayer\pgfcorelayers.code.tex
File: pgfcorelayers.code.tex 2023-01-15 v3.1.10 (3.1.10)
) (C:\Users\wolfd\AppData\Local\Programs\MiKTeX\tex/generic/pgf/basiclayer\pgfcoretransparency.code.tex
File: pgfcoretransparency.code.tex 2023-01-15 v3.1.10 (3.1.10)
) (C:\Users\wolfd\AppData\Local\Programs\MiKTeX\tex/generic/pgf/basiclayer\pgfcorepatterns.code.tex
File: pgfcorepatterns.code.tex 2023-01-15 v3.1.10 (3.1.10)
) (C:\Users\wolfd\AppData\Local\Programs\MiKTeX\tex/generic/pgf/basiclayer\pgfcorerdf.code.tex
File: pgfcorerdf.code.tex 2023-01-15 v3.1.10 (3.1.10)
))) (C:\Users\wolfd\AppData\Local\Programs\MiKTeX\tex/generic/pgf/modules\pgfmoduleshapes.code.tex
File: pgfmoduleshapes.code.tex 2023-01-15 v3.1.10 (3.1.10)
\pgfnodeparttextbox=\box65
) (C:\Users\wolfd\AppData\Local\Programs\MiKTeX\tex/generic/pgf/modules\pgfmoduleplot.code.tex
File: pgfmoduleplot.code.tex 2023-01-15 v3.1.10 (3.1.10)
) (C:\Users\wolfd\AppData\Local\Programs\MiKTeX\tex/latex/pgf/compatibility\pgfcomp-version-0-65.sty
Package: pgfcomp-version-0-65 2023-01-15 v3.1.10 (3.1.10)
\pgf@nodesepstart=\dimen275
\pgf@nodesepend=\dimen276
) (C:\Users\wolfd\AppData\Local\Programs\MiKTeX\tex/latex/pgf/compatibility\pgfcomp-version-1-18.sty
Package: pgfcomp-version-1-18 2023-01-15 v3.1.10 (3.1.10)
)) (C:\Users\wolfd\AppData\Local\Programs\MiKTeX\tex/latex/pgf/utilities\pgffor.sty (C:\Users\wolfd\AppData\Local\Programs\MiKTeX\tex/latex/pgf/utilities\pgfkeys.sty (C:\Users\wolfd\AppData\Local\Programs\MiKTeX\tex/generic/pgf/utilities\pgfkeys.code.tex)) (C:\Users\wolfd\AppData\Local\Programs\MiKTeX\tex/latex/pgf/math\pgfmath.sty (C:\Users\wolfd\AppData\Local\Programs\MiKTeX\tex/generic/pgf/math\pgfmath.code.tex)) (C:\Users\wolfd\AppData\Local\Programs\MiKTeX\tex/generic/pgf/utilities\pgffor.code.tex
Package: pgffor 2023-01-15 v3.1.10 (3.1.10)
\pgffor@iter=\dimen277
\pgffor@skip=\dimen278
\pgffor@stack=\toks39
\pgffor@toks=\toks40
)) (C:\Users\wolfd\AppData\Local\Programs\MiKTeX\tex/generic/pgf/frontendlayer/tikz\tikz.code.tex
Package: tikz 2023-01-15 v3.1.10 (3.1.10)
 (C:\Users\wolfd\AppData\Local\Programs\MiKTeX\tex/generic/pgf/libraries\pgflibraryplothandlers.code.tex
File: pgflibraryplothandlers.code.tex 2023-01-15 v3.1.10 (3.1.10)
\pgf@plot@mark@count=\count339
\pgfplotmarksize=\dimen279
)
\tikz@lastx=\dimen280
\tikz@lasty=\dimen281
\tikz@lastxsaved=\dimen282
\tikz@lastysaved=\dimen283
\tikz@lastmovetox=\dimen284
\tikz@lastmovetoy=\dimen285
\tikzleveldistance=\dimen286
\tikzsiblingdistance=\dimen287
\tikz@figbox=\box66
\tikz@figbox@bg=\box67
\tikz@tempbox=\box68
\tikz@tempbox@bg=\box69
\tikztreelevel=\count340
\tikznumberofchildren=\count341
\tikznumberofcurrentchild=\count342
\tikz@fig@count=\count343
 (C:\Users\wolfd\AppData\Local\Programs\MiKTeX\tex/generic/pgf/modules\pgfmodulematrix.code.tex
File: pgfmodulematrix.code.tex 2023-01-15 v3.1.10 (3.1.10)
\pgfmatrixcurrentrow=\count344
\pgfmatrixcurrentcolumn=\count345
\pgf@matrix@numberofcolumns=\count346
)
\tikz@expandcount=\count347
 (C:\Users\wolfd\AppData\Local\Programs\MiKTeX\tex/generic/pgf/frontendlayer/tikz/libraries\tikzlibrarytopaths.code.tex
File: tikzlibrarytopaths.code.tex 2023-01-15 v3.1.10 (3.1.10)
)))
(C:\Users\wolfd\AppData\Local\Programs\MiKTeX\tex/generic/pgf/frontendlayer/tikz/libraries\tikzlibraryarrows.code.tex
File: tikzlibraryarrows.code.tex 2023-01-15 v3.1.10 (3.1.10)
 (C:\Users\wolfd\AppData\Local\Programs\MiKTeX\tex/generic/pgf/libraries\pgflibraryarrows.code.tex
File: pgflibraryarrows.code.tex 2023-01-15 v3.1.10 (3.1.10)
\arrowsize=\dimen288
)) (C:\Users\wolfd\AppData\Local\Programs\MiKTeX\tex/generic/pgf/frontendlayer/tikz/libraries\tikzlibrarybackgrounds.code.tex
File: tikzlibrarybackgrounds.code.tex 2023-01-15 v3.1.10 (3.1.10)
\pgf@layerbox@background=\box70
\pgf@layerboxsaved@background=\box71
) (C:\Users\wolfd\AppData\Local\Programs\MiKTeX\tex/generic/pgf/frontendlayer/tikz/libraries\tikzlibrarycalc.code.tex
File: tikzlibrarycalc.code.tex 2023-01-15 v3.1.10 (3.1.10)
) (C:\Users\wolfd\AppData\Local\Programs\MiKTeX\tex/generic/pgf/frontendlayer/tikz/libraries\tikzlibrarypatterns.code.tex
File: tikzlibrarypatterns.code.tex 2023-01-15 v3.1.10 (3.1.10)
 (C:\Users\wolfd\AppData\Local\Programs\MiKTeX\tex/generic/pgf/libraries\pgflibrarypatterns.code.tex
File: pgflibrarypatterns.code.tex 2023-01-15 v3.1.10 (3.1.10)
)) (C:\Users\wolfd\AppData\Local\Programs\MiKTeX\tex/generic/pgf/frontendlayer/tikz/libraries\tikzlibrarypositioning.code.tex
File: tikzlibrarypositioning.code.tex 2023-01-15 v3.1.10 (3.1.10)
) (C:\Users\wolfd\AppData\Local\Programs\MiKTeX\tex/generic/pgf/frontendlayer/tikz/libraries\tikzlibraryshapes.geometric.code.tex
File: tikzlibraryshapes.geometric.code.tex 2023-01-15 v3.1.10 (3.1.10)
 (C:\Users\wolfd\AppData\Local\Programs\MiKTeX\tex/generic/pgf/libraries/shapes\pgflibraryshapes.geometric.code.tex
File: pgflibraryshapes.geometric.code.tex 2023-01-15 v3.1.10 (3.1.10)
)) (C:\Users\wolfd\AppData\Local\Programs\MiKTeX\tex/latex/pgf/utilities\pgfcalendar.sty (C:\Users\wolfd\AppData\Local\Programs\MiKTeX\tex/generic/pgf/utilities\pgfcalendar.code.tex
File: pgfcalendar.code.tex 2023-01-15 v3.1.10 (3.1.10)
\pgfcalendarcurrentjulian=\count348
\pgf@cal@easter@Y=\count349
\pgf@cal@easter@G=\count350
\pgf@cal@easter@C=\count351
\pgf@cal@easter@X=\count352
\pgf@cal@easter@Z=\count353
\pgf@cal@easter@D=\count354
\pgf@cal@easter@E=\count355
\pgf@cal@easter@N=\count356
\pgf@cal@easter@M=\count357
\pgf@cal@easter@julianday=\count358
))
\gtt@currentline=\count359
\gtt@lasttitleline=\count360
\gtt@currgrid=\count361
\gtt@chartwidth=\count362
\gtt@lasttitleslot=\count363
\gtt@elementid=\count364
\gtt@today@slot=\count365
\gtt@startjulian=\count366
\gtt@endjulian=\count367
\gtt@chartid=\count368
\gtt@vrule@slot=\count369
\gtt@calendar@slots=\count370
\gtt@calendar@weeknumber=\count371
\gtt@calendar@startofweek=\count372
\gtt@left@slot=\count373
\gtt@right@slot=\count374
) (C:\Users\wolfd\AppData\Local\Programs\MiKTeX\tex/latex/booktabs\booktabs.sty
Package: booktabs 2020/01/12 v1.61803398 Publication quality tables
\heavyrulewidth=\dimen289
\lightrulewidth=\dimen290
\cmidrulewidth=\dimen291
\belowrulesep=\dimen292
\belowbottomsep=\dimen293
\aboverulesep=\dimen294
\abovetopsep=\dimen295
\cmidrulesep=\dimen296
\cmidrulekern=\dimen297
\defaultaddspace=\dimen298
\@cmidla=\count375
\@cmidlb=\count376
\@aboverulesep=\dimen299
\@belowrulesep=\dimen300
\@thisruleclass=\count377
\@lastruleclass=\count378
\@thisrulewidth=\dimen301
) (C:\Users\wolfd\AppData\Local\Programs\MiKTeX\tex/latex/graphics\rotating.sty
Package: rotating 2016/08/11 v2.16d rotated objects in LaTeX
 (C:\Users\wolfd\AppData\Local\Programs\MiKTeX\tex/latex/base\ifthen.sty
Package: ifthen 2024/03/16 v1.1e Standard LaTeX ifthen package (DPC)
)
\c@r@tfl@t=\count379
\rotFPtop=\skip58
\rotFPbot=\skip59
\rot@float@box=\box72
\rot@mess@toks=\toks41
) (C:\Users\wolfd\AppData\Local\Programs\MiKTeX\tex/latex/pgfplots\pgfplots.sty (C:\Users\wolfd\AppData\Local\Programs\MiKTeX\tex/generic/pgfplots\pgfplots.revision.tex)
Package: pgfplots 2021/05/15 v1.18.1 Data Visualization (1.18.1)
 (C:\Users\wolfd\AppData\Local\Programs\MiKTeX\tex/generic/pgfplots\pgfplots.code.tex (C:\Users\wolfd\AppData\Local\Programs\MiKTeX\tex/generic/pgfplots\pgfplotscore.code.tex
\t@pgfplots@toka=\toks42
\t@pgfplots@tokb=\toks43
\t@pgfplots@tokc=\toks44
\pgfplots@tmpa=\dimen302
\c@pgfplots@coordindex=\count380
\c@pgfplots@scanlineindex=\count381
 (C:\Users\wolfd\AppData\Local\Programs\MiKTeX\tex/generic/pgfplots/sys\pgfplotssysgeneric.code.tex)) (C:\Users\wolfd\AppData\Local\Programs\MiKTeX\tex/generic/pgfplots/libs\pgfplotslibrary.code.tex) (C:\Users\wolfd\AppData\Local\Programs\MiKTeX\tex/generic/pgfplots/oldpgfcompatib\pgfplotsoldpgfsupp_loader.code.tex (C:\Users\wolfd\AppData\Local\Programs\MiKTeX\tex/generic/pgf/libraries\pgflibraryfpu.code.tex)
Package pgfplots: loading complementary utilities for your pgf version...
\t@pgf@toka=\toks45
\t@pgf@tokb=\toks46
\t@pgf@tokc=\toks47
(C:\Users\wolfd\AppData\Local\Programs\MiKTeX\tex/generic/pgfplots/oldpgfcompatib\pgfplotsoldpgfsupp_pgfutil-common-lists.tex)) (C:\Users\wolfd\AppData\Local\Programs\MiKTeX\tex/generic/pgfplots/util\pgfplotsutil.code.tex (C:\Users\wolfd\AppData\Local\Programs\MiKTeX\tex/generic/pgfplots/liststructure\pgfplotsliststructure.code.tex) (C:\Users\wolfd\AppData\Local\Programs\MiKTeX\tex/generic/pgfplots/liststructure\pgfplotsliststructureext.code.tex) (C:\Users\wolfd\AppData\Local\Programs\MiKTeX\tex/generic/pgfplots/liststructure\pgfplotsarray.code.tex
\c@pgfplotsarray@tmp=\count382
) (C:\Users\wolfd\AppData\Local\Programs\MiKTeX\tex/generic/pgfplots/liststructure\pgfplotsmatrix.code.tex) (C:\Users\wolfd\AppData\Local\Programs\MiKTeX\tex/generic/pgfplots/numtable\pgfplotstableshared.code.tex
\c@pgfplotstable@counta=\count383
\t@pgfplotstable@a=\toks48
) (C:\Users\wolfd\AppData\Local\Programs\MiKTeX\tex/generic/pgfplots/liststructure\pgfplotsdeque.code.tex) (C:\Users\wolfd\AppData\Local\Programs\MiKTeX\tex/generic/pgfplots/util\pgfplotsbinary.code.tex (C:\Users\wolfd\AppData\Local\Programs\MiKTeX\tex/generic/pgfplots/util\pgfplotsbinary.data.code.tex)) (C:\Users\wolfd\AppData\Local\Programs\MiKTeX\tex/generic/pgfplots/util\pgfplotsutil.verb.code.tex) (C:\Users\wolfd\AppData\Local\Programs\MiKTeX\tex/generic/pgfplots/libs\pgflibrarypgfplots.surfshading.code.tex
\c@pgfplotslibrarysurf@no=\count384
 (C:\Users\wolfd\AppData\Local\Programs\MiKTeX\tex/generic/pgfplots/sys\pgflibrarypgfplots.surfshading.pgfsys-pdftex.def))) (C:\Users\wolfd\AppData\Local\Programs\MiKTeX\tex/generic/pgfplots/util\pgfplotscolormap.code.tex (C:\Users\wolfd\AppData\Local\Programs\MiKTeX\tex/generic/pgfplots/util\pgfplotscolor.code.tex)) (C:\Users\wolfd\AppData\Local\Programs\MiKTeX\tex/generic/pgfplots\pgfplotsstackedplots.code.tex) (C:\Users\wolfd\AppData\Local\Programs\MiKTeX\tex/generic/pgfplots\pgfplotsplothandlers.code.tex (C:\Users\wolfd\AppData\Local\Programs\MiKTeX\tex/generic/pgfplots\pgfplotsmeshplothandler.code.tex (C:\Users\wolfd\AppData\Local\Programs\MiKTeX\tex/generic/pgfplots\pgfplotsmeshplotimage.code.tex))) (C:\Users\wolfd\AppData\Local\Programs\MiKTeX\tex/generic/pgfplots\pgfplots.scaling.code.tex) (C:\Users\wolfd\AppData\Local\Programs\MiKTeX\tex/generic/pgfplots\pgfplotscoordprocessing.code.tex) (C:\Users\wolfd\AppData\Local\Programs\MiKTeX\tex/generic/pgfplots\pgfplots.errorbars.code.tex) (C:\Users\wolfd\AppData\Local\Programs\MiKTeX\tex/generic/pgfplots\pgfplots.markers.code.tex) (C:\Users\wolfd\AppData\Local\Programs\MiKTeX\tex/generic/pgfplots\pgfplotsticks.code.tex) (C:\Users\wolfd\AppData\Local\Programs\MiKTeX\tex/generic/pgfplots\pgfplots.paths.code.tex) (C:\Users\wolfd\AppData\Local\Programs\MiKTeX\tex/generic/pgf/frontendlayer/tikz/libraries\tikzlibrarydecorations.code.tex (C:\Users\wolfd\AppData\Local\Programs\MiKTeX\tex/generic/pgf/modules\pgfmoduledecorations.code.tex
\pgfdecoratedcompleteddistance=\dimen303
\pgfdecoratedremainingdistance=\dimen304
\pgfdecoratedinputsegmentcompleteddistance=\dimen305
\pgfdecoratedinputsegmentremainingdistance=\dimen306
\pgf@decorate@distancetomove=\dimen307
\pgf@decorate@repeatstate=\count385
\pgfdecorationsegmentamplitude=\dimen308
\pgfdecorationsegmentlength=\dimen309
)
\tikz@lib@dec@box=\box73
) (C:\Users\wolfd\AppData\Local\Programs\MiKTeX\tex/generic/pgf/frontendlayer/tikz/libraries\tikzlibrarydecorations.pathmorphing.code.tex (C:\Users\wolfd\AppData\Local\Programs\MiKTeX\tex/generic/pgf/libraries/decorations\pgflibrarydecorations.pathmorphing.code.tex)) (C:\Users\wolfd\AppData\Local\Programs\MiKTeX\tex/generic/pgf/frontendlayer/tikz/libraries\tikzlibrarydecorations.pathreplacing.code.tex (C:\Users\wolfd\AppData\Local\Programs\MiKTeX\tex/generic/pgf/libraries/decorations\pgflibrarydecorations.pathreplacing.code.tex)) (C:\Users\wolfd\AppData\Local\Programs\MiKTeX\tex/generic/pgfplots/libs\tikzlibrarypgfplots.contourlua.code.tex)
\pgfplots@numplots=\count386
\pgfplots@xmin@reg=\dimen310
\pgfplots@xmax@reg=\dimen311
\pgfplots@ymin@reg=\dimen312
\pgfplots@ymax@reg=\dimen313
\pgfplots@zmin@reg=\dimen314
\pgfplots@zmax@reg=\dimen315
) (C:\Users\wolfd\AppData\Local\Programs\MiKTeX\tex/generic/pgf/frontendlayer/tikz/libraries\tikzlibraryplotmarks.code.tex
File: tikzlibraryplotmarks.code.tex 2023-01-15 v3.1.10 (3.1.10)
 (C:\Users\wolfd\AppData\Local\Programs\MiKTeX\tex/generic/pgf/libraries\pgflibraryplotmarks.code.tex
File: pgflibraryplotmarks.code.tex 2023-01-15 v3.1.10 (3.1.10)
))) (C:\Users\wolfd\AppData\Local\Programs\MiKTeX\tex/latex/csquotes\csquotes.sty
Package: csquotes 2024-04-04 v5.2o context-sensitive quotations (JAW)
\csq@reset=\count387
\csq@gtype=\count388
\csq@glevel=\count389
\csq@qlevel=\count390
\csq@maxlvl=\count391
\csq@tshold=\count392
\csq@ltx@everypar=\toks49
 (C:\Users\wolfd\AppData\Local\Programs\MiKTeX\tex/latex/csquotes\csquotes.def
File: csquotes.def 2024-04-04 v5.2o csquotes generic definitions (JAW)
)
Package csquotes Info: Trying to load configuration file 'csquotes.cfg'...
Package csquotes Info: ... configuration file loaded successfully.
 (C:\Users\wolfd\AppData\Local\Programs\MiKTeX\tex/latex/csquotes\csquotes.cfg
File: csquotes.cfg 
)) (C:\Users\wolfd\AppData\Local\Programs\MiKTeX\tex/latex/pdflscape\pdflscape.sty
Package: pdflscape 2022-10-27 v0.13 Display of landscape pages in PDF
 (C:\Users\wolfd\AppData\Local\Programs\MiKTeX\tex/latex/pdflscape\pdflscape-nometadata.sty
Package: pdflscape-nometadata 2022-10-28 v0.13 Display of landscape pages in PDF (HO)
 (C:\Users\wolfd\AppData\Local\Programs\MiKTeX\tex/latex/graphics\lscape.sty
Package: lscape 2020/05/28 v3.02 Landscape Pages (DPC)
)
Package pdflscape Info: Auto-detected driver: pdftex on input line 81.
)) (C:\Users\wolfd\AppData\Local\Programs\MiKTeX\tex/generic/pgf/libraries\pgflibraryarrows.meta.code.tex
File: pgflibraryarrows.meta.code.tex 2023-01-15 v3.1.10 (3.1.10)
\pgfarrowinset=\dimen316
\pgfarrowlength=\dimen317
\pgfarrowwidth=\dimen318
\pgfarrowlinewidth=\dimen319
)
Package csquotes Info: Checking for multilingual support...
Package csquotes Info: ... found 'babel' package.
Package csquotes Info: Adjusting default style.
Package csquotes Info: Redefining alias 'default' -> 'english'.
 (main.aux

LaTeX Warning: Label `eq:Markov chain' multiply defined.

)
\openout1 = `main.aux'.

LaTeX Font Info:    Checking defaults for OML/cmm/m/it on input line 30.
LaTeX Font Info:    ... okay on input line 30.
LaTeX Font Info:    Checking defaults for OMS/cmsy/m/n on input line 30.
LaTeX Font Info:    ... okay on input line 30.
LaTeX Font Info:    Checking defaults for OT1/cmr/m/n on input line 30.
LaTeX Font Info:    ... okay on input line 30.
LaTeX Font Info:    Checking defaults for T1/cmr/m/n on input line 30.
LaTeX Font Info:    ... okay on input line 30.
LaTeX Font Info:    Checking defaults for TS1/cmr/m/n on input line 30.
LaTeX Font Info:    ... okay on input line 30.
LaTeX Font Info:    Checking defaults for OMX/cmex/m/n on input line 30.
LaTeX Font Info:    ... okay on input line 30.
LaTeX Font Info:    Checking defaults for U/cmr/m/n on input line 30.
LaTeX Font Info:    ... okay on input line 30.
LaTeX Font Info:    Checking defaults for PD1/pdf/m/n on input line 30.
LaTeX Font Info:    ... okay on input line 30.
LaTeX Font Info:    Checking defaults for PU/pdf/m/n on input line 30.
LaTeX Font Info:    ... okay on input line 30.

*geometry* driver: auto-detecting
*geometry* detected driver: pdftex
*geometry* verbose mode - [ preamble ] result:
* driver: pdftex
* paper: a4paper
* layout: <same size as paper>
* layoutoffset:(h,v)=(0.0pt,0.0pt)
* modes: 
* h-part:(L,W,R)=(85.35826pt, 426.79135pt, 85.35826pt)
* v-part:(T,H,B)=(56.9055pt, 731.23584pt, 56.9055pt)
* \paperwidth=597.50787pt
* \paperheight=845.04684pt
* \textwidth=426.79135pt
* \textheight=731.23584pt
* \oddsidemargin=13.08827pt
* \evensidemargin=13.08827pt
* \topmargin=-52.36449pt
* \headheight=12.0pt
* \headsep=25.0pt
* \topskip=10.0pt
* \footskip=30.0pt
* \marginparwidth=49.79231pt
* \marginparsep=10.0pt
* \columnsep=10.0pt
* \skip\footins=9.0pt plus 4.0pt minus 2.0pt
* \hoffset=0.0pt
* \voffset=0.0pt
* \mag=1000
* \@twocolumntrue
* \@twosidefalse
* \@mparswitchfalse
* \@reversemarginfalse
* (1in=72.27pt=25.4mm, 1cm=28.453pt)

Package caption Info: Begin \AtBeginDocument code.
Package caption Info: float package is loaded.
Package caption Info: hyperref package is loaded.
Package caption Info: rotating package is loaded.
Package caption Info: End \AtBeginDocument code.
(C:\Users\wolfd\AppData\Local\Programs\MiKTeX\tex/context/base/mkii\supp-pdf.mkii
[Loading MPS to PDF converter (version 2006.09.02).]
\scratchcounter=\count393
\scratchdimen=\dimen320
\scratchbox=\box74
\nofMPsegments=\count394
\nofMParguments=\count395
\everyMPshowfont=\toks50
\MPscratchCnt=\count396
\MPscratchDim=\dimen321
\MPnumerator=\count397
\makeMPintoPDFobject=\count398
\everyMPtoPDFconversion=\toks51
) (C:\Users\wolfd\AppData\Local\Programs\MiKTeX\tex/latex/epstopdf-pkg\epstopdf-base.sty
Package: epstopdf-base 2020-01-24 v2.11 Base part for package epstopdf
Package epstopdf-base Info: Redefining graphics rule for `.eps' on input line 485.
 (C:\Users\wolfd\AppData\Local\Programs\MiKTeX\tex/latex/00miktex\epstopdf-sys.cfg
File: epstopdf-sys.cfg 2021/03/18 v2.0 Configuration of epstopdf for MiKTeX
))
Package hyperref Info: Link coloring ON on input line 30.
 (main.out) (main.out)
\@outlinefile=\write4
\openout4 = `main.out'.


Package pgfplots notification 'compat/show suggested version=true': you might benefit from \pgfplotsset{compat=1.18} (current compat level: 1.9).



[1


{C:/Users/wolfd/AppData/Local/MiKTeX/fonts/map/pdftex/pdftex.map}]


pdfTeX warning (ext4): destination with the same identifier (name{page.1}) has been already used, duplicate ignored
<to be read again> 
                   \relax 
l.74 \newpage
              [1


] (main.toc
LaTeX Font Info:    Trying to load font information for U+msa on input line 5.
 (C:\Users\wolfd\AppData\Local\Programs\MiKTeX\tex/latex/amsfonts\umsa.fd
File: umsa.fd 2013/01/14 v3.01 AMS symbols A
)
LaTeX Font Info:    Trying to load font information for U+msb on input line 5.
 (C:\Users\wolfd\AppData\Local\Programs\MiKTeX\tex/latex/amsfonts\umsb.fd
File: umsb.fd 2013/01/14 v3.01 AMS symbols B
)

[2])
\tf@toc=\write5
\openout5 = `main.toc'.



[3] (main.lof)
\tf@lof=\write6
\openout6 = `main.lof'.



[4

] (main.lot)
\tf@lot=\write7
\openout7 = `main.lot'.



[5]
Underfull \hbox (badness 10000) in paragraph at lines 86--90

 []


Underfull \hbox (badness 10000) in paragraph at lines 94--97

 []



[6]

<head-region.png, id=480, 402.50375pt x 407.5225pt>
File: head-region.png Graphic file (type png)
<use head-region.png>
Package pdftex.def Info: head-region.png  used on input line 136.
(pdftex.def)             Requested size: 97.94621pt x 99.16298pt.
<thorax-abdomen.png, id=482, 412.54124pt x 408.52625pt>
File: thorax-abdomen.png Graphic file (type png)
<use thorax-abdomen.png>
Package pdftex.def Info: thorax-abdomen.png  used on input line 138.
(pdftex.def)             Requested size: 97.94621pt x 96.98859pt.

LaTeX Warning: `!h' float specifier changed to `!ht'.



[7

 <./head-region.png> <./thorax-abdomen.png>]


Underfull \hbox (badness 10000) in paragraph at lines 203--214

 []


Underfull \hbox (badness 1577) in paragraph at lines 203--214
\OT1/cmr/m/n/10 In the sum-mer of 2024 an in-tern-ship was
 []


Underfull \hbox (badness 1314) in paragraph at lines 241--241
[]\OT1/cmr/bx/n/14.4 Pre-processing and data
 []



[8]
Underfull \hbox (badness 10000) in paragraph at lines 254--256
\OT1/cmr/m/n/10 Cropping is a com-monly used image-
 []


Underfull \hbox (badness 1902) in paragraph at lines 254--256
\OT1/cmr/m/n/10 manipulation pro-cess. The ob-tained MRI
 []


Underfull \hbox (badness 2478) in paragraph at lines 254--256
\OT1/cmr/m/n/10 im-ages con-tained lots of back-ground noise
 []


Underfull \hbox (badness 10000) in paragraph at lines 274--274
[]\OT1/cmr/bx/n/14.4 Neural Net-work and
 []


Underfull \hbox (badness 10000) in paragraph at lines 275--275
[]\OT1/cmr/bx/n/12 Encoder-Decoder De-nois-ing
 []


Underfull \vbox (badness 3199) has occurred while \output is active []



<U-Net.jpg, id=513, 633.567pt x 317.38576pt>
File: U-Net.jpg Graphic file (type jpg)
<use U-Net.jpg>
Package pdftex.def Info: U-Net.jpg  used on input line 298.
(pdftex.def)             Requested size: 341.43437pt x 171.0419pt.


[9]



[10 <./U-Net.jpg>]
<Maxpool.jpg, id=537, 409.53pt x 145.7445pt>
File: Maxpool.jpg Graphic file (type jpg)
<use Maxpool.jpg>
Package pdftex.def Info: Maxpool.jpg  used on input line 357.
(pdftex.def)             Requested size: 208.39568pt x 74.16637pt.
<Meanpool.jpg, id=538, 410.7345pt x 148.75575pt>
File: Meanpool.jpg Graphic file (type jpg)
<use Meanpool.jpg>
Package pdftex.def Info: Meanpool.jpg  used on input line 364.
(pdftex.def)             Requested size: 208.39568pt x 75.47627pt.
<ConvStrided_new.png, id=539, 1757.56625pt x 696.6025pt>
File: ConvStrided_new.png Graphic file (type png)
<use ConvStrided_new.png>
Package pdftex.def Info: ConvStrided_new.png  used on input line 371.
(pdftex.def)             Requested size: 208.39568pt x 82.58954pt.




[11 <./Maxpool.jpg> <./Meanpool.jpg> <./ConvStrided_new.png>]
Underfull \hbox (badness 1019) in paragraph at lines 450--452
 []\OT1/cmr/bx/n/10 Learning Rate Strate-gies[] \OT1/cmr/m/n/10 The sched-uler
 []


Underfull \hbox (badness 1931) in paragraph at lines 459--463
[]\OT1/cmr/m/n/10 Another sched-uler is \OT1/cmtt/m/n/10 ReduceLROnPlateau\OT1/cmr/m/n/10 .
 []



<Learn rate.jpg, id=567, 1284.8pt x 722.7pt>
File: Learn rate.jpg Graphic file (type jpg)
<use Learn rate.jpg>
Package pdftex.def Info: Learn rate.jpg  used on input line 490.
(pdftex.def)             Requested size: 208.39568pt x 117.22232pt.


[12 <./Learn rate.jpg>]
Underfull \hbox (badness 2538) in paragraph at lines 529--532
[]\OT1/cmr/m/n/10 The Struc-tural Sim-i-lar-ity In-dex Mea-sure
 []




Underfull \hbox (badness 1728) in paragraph at lines 563--570
\OT1/cmr/m/n/10 Dif-fu-sion De-nois-ing Model (APDDM). This
 []



[13]
<DDPM_model.png, id=603, 555.07375pt x 158.5925pt>
File: DDPM_model.png Graphic file (type png)
<use DDPM_model.png>
Package pdftex.def Info: DDPM_model.png  used on input line 573.
(pdftex.def)             Requested size: 426.79135pt x 121.94234pt.
<ADDPM_model.png, id=604, 555.07375pt x 168.63pt>
File: ADDPM_model.png Graphic file (type png)
<use ADDPM_model.png>
Package pdftex.def Info: ADDPM_model.png  used on input line 580.
(pdftex.def)             Requested size: 426.79135pt x 129.66023pt.
<forward APDDM.png, id=606, 2197.20876pt x 478.78876pt>
File: forward APDDM.png Graphic file (type png)
<use forward APDDM.png>
Package pdftex.def Info: forward APDDM.png  used on input line 614.
(pdftex.def)             Requested size: 341.43437pt x 74.40143pt.


LaTeX Warning: Reference `fig:APDDM_train' on page 14 undefined on input line 629.



<full APDDM .png, id=607, 1112.155pt x 611.28375pt>
File: full APDDM .png Graphic file (type png)
<use full APDDM .png>
Package pdftex.def Info: full APDDM .png  used on input line 634.
(pdftex.def)             Requested size: 426.79135pt x 234.58478pt.

Underfull \hbox (badness 1132) in paragraph at lines 640--647
\OT1/cmr/m/n/10 APDDM is par-tic-u-larly well suited for our
 []



[14] [15 <./DDPM_model.png> <./ADDPM_model.png> <./forward APDDM.png>]
Underfull \hbox (badness 10000) in paragraph at lines 689--689
[]\OT1/cmr/bx/n/12 Structural sim-i-lar-ity in-dex
 []



<CNR.jpeg, id=629, 303.1325pt x 371.3875pt>
File: CNR.jpeg Graphic file (type jpg)
<use CNR.jpeg>
Package pdftex.def Info: CNR.jpeg  used on input line 715.
(pdftex.def)             Requested size: 72.93976pt x 89.3615pt.


[16 <./CNR.jpeg>]
<loss-curve.png, id=646, 433.62pt x 289.08pt>
File: loss-curve.png Graphic file (type png)
<use loss-curve.png>
Package pdftex.def Info: loss-curve.png  used on input line 750.
(pdftex.def)             Requested size: 208.39568pt x 138.93326pt.
<Mouse01_Sagittal_16_epoch_10.png, id=647, 1048.91875pt x 205.76875pt>
File: Mouse01_Sagittal_16_epoch_10.png Graphic file (type png)
<use Mouse01_Sagittal_16_epoch_10.png>
Package pdftex.def Info: Mouse01_Sagittal_16_epoch_10.png  used on input line 757.
(pdftex.def)             Requested size: 426.79135pt x 83.7252pt.
<Mouse23_Transax_27_epoch_10.png, id=648, 912.40875pt x 192.72pt>
File: Mouse23_Transax_27_epoch_10.png Graphic file (type png)
<use Mouse23_Transax_27_epoch_10.png>
Package pdftex.def Info: Mouse23_Transax_27_epoch_10.png  used on input line 764.
(pdftex.def)             Requested size: 426.79135pt x 90.14612pt.
<Mouse23_Coronal_19_epoch_12.png, id=649, 926.46124pt x 201.75375pt>
File: Mouse23_Coronal_19_epoch_12.png Graphic file (type png)
<use Mouse23_Coronal_19_epoch_12.png>
Package pdftex.def Info: Mouse23_Coronal_19_epoch_12.png  used on input line 771.
(pdftex.def)             Requested size: 426.79135pt x 92.9433pt.


<loss_hyperparameters.png, id=650, 722.7pt x 433.62pt>
File: loss_hyperparameters.png Graphic file (type png)
<use loss_hyperparameters.png>
Package pdftex.def Info: loss_hyperparameters.png  used on input line 801.
(pdftex.def)             Requested size: 208.39568pt x 125.0386pt.

LaTeX Warning: `h' float specifier changed to `ht'.

<Mouse01_Sagittal_THORAX-ABDOMEN_26_epoch_0.png, id=657, 1039.885pt x 207.77625pt>
File: Mouse01_Sagittal_THORAX-ABDOMEN_26_epoch_0.png Graphic file (type png)
<use Mouse01_Sagittal_THORAX-ABDOMEN_26_epoch_0.png>
Package pdftex.def Info: Mouse01_Sagittal_THORAX-ABDOMEN_26_epoch_0.png  used on input line 822.
(pdftex.def)             Requested size: 426.79135pt x 85.2744pt.
<Mouse01_Transax_THORAX-ABDOMEN_27_epoch_0.png, id=658, 1060.96375pt x 216.81pt>
File: Mouse01_Transax_THORAX-ABDOMEN_27_epoch_0.png Graphic file (type png)
<use Mouse01_Transax_THORAX-ABDOMEN_27_epoch_0.png>
Package pdftex.def Info: Mouse01_Transax_THORAX-ABDOMEN_27_epoch_0.png  used on input line 829.
(pdftex.def)             Requested size: 426.79135pt x 87.21538pt.
<Mouse01_Coronal_THORAX-ABDOMEN_20_epoch_2.png, id=659, 865.2325pt x 175.65625pt>
File: Mouse01_Coronal_THORAX-ABDOMEN_20_epoch_2.png Graphic file (type png)
<use Mouse01_Coronal_THORAX-ABDOMEN_20_epoch_2.png>
Package pdftex.def Info: Mouse01_Coronal_THORAX-ABDOMEN_20_epoch_2.png  used on input line 836.
(pdftex.def)             Requested size: 426.79135pt x 86.64589pt.
<Mouse06_HEAD-THORAX_Coronal_14_Diffusion.png, id=663, 1106.1325pt x 227.85126pt>
File: Mouse06_HEAD-THORAX_Coronal_14_Diffusion.png Graphic file (type png)
<use Mouse06_HEAD-THORAX_Coronal_14_Diffusion.png>
Package pdftex.def Info: Mouse06_HEAD-THORAX_Coronal_14_Diffusion.png  used on input line 852.
(pdftex.def)             Requested size: 426.79135pt x 87.91248pt.
<Mouse06_HEAD-THORAX_Coronal_14_UNet.png, id=664, 920.43875pt x 185.69376pt>
File: Mouse06_HEAD-THORAX_Coronal_14_UNet.png Graphic file (type png)
<use Mouse06_HEAD-THORAX_Coronal_14_UNet.png>
Package pdftex.def Info: Mouse06_HEAD-THORAX_Coronal_14_UNet.png  used on input line 859.
(pdftex.def)             Requested size: 426.79135pt x 86.10301pt.
<Mouse01_Sagittal_val.png, id=666, 1056.94875pt x 215.80624pt>
File: Mouse01_Sagittal_val.png Graphic file (type png)
<use Mouse01_Sagittal_val.png>
Package pdftex.def Info: Mouse01_Sagittal_val.png  used on input line 875.
(pdftex.def)             Requested size: 426.79135pt x 87.1409pt.


[17 <./loss-curve.png>]
<Mouse06_Sagittal_val.png, id=673, 889.3225pt x 185.69376pt>
File: Mouse06_Sagittal_val.png Graphic file (type png)
<use Mouse06_Sagittal_val.png>
Package pdftex.def Info: Mouse06_Sagittal_val.png  used on input line 891.
(pdftex.def)             Requested size: 426.79135pt x 89.11497pt.


<Mouse10_Sagittal_val.png, id=675, 910.40125pt x 188.705pt>
File: Mouse10_Sagittal_val.png Graphic file (type png)
<use Mouse10_Sagittal_val.png>
Package pdftex.def Info: Mouse10_Sagittal_val.png  used on input line 907.
(pdftex.def)             Requested size: 426.79135pt x 88.46388pt.

LaTeX Warning: `!h' float specifier changed to `!ht'.


LaTeX Warning: `!h' float specifier changed to `!ht'.


LaTeX Warning: `!h' float specifier changed to `!ht'.



[18 <./Mouse01_Sagittal_16_epoch_10.png> <./Mouse23_Transax_27_epoch_10.png>]
Underfull \vbox (badness 10000) has occurred while \output is active []




Underfull \vbox (badness 10000) has occurred while \output is active []



[19 <./Mouse23_Coronal_19_epoch_12.png>]
Underfull \hbox (badness 1406) in paragraph at lines 1049--1054
\OT1/cmr/m/n/10 im-age restora-tion mod-els that ben-e-fit from
 []





[20 <./loss_hyperparameters.png>] [21 <./Mouse01_Sagittal_THORAX-ABDOMEN_26_epoch_0.png> <./Mouse01_Transax_THORAX-ABDOMEN_27_epoch_0.png> <./Mouse01_Coronal_THORAX-ABDOMEN_20_epoch_2.png> <./Mouse06_HEAD-THORAX_Coronal_14_Diffusion.png> <./Mouse06_HEAD-THORAX_Coronal_14_UNet.png> <./Mouse01_Sagittal_val.png>]



[22 <./Mouse06_Sagittal_val.png> <./Mouse10_Sagittal_val.png>]
Underfull \hbox (badness 1199) in paragraph at lines 1118--1123
\OT1/cmr/m/n/10 in Ta-ble [][]5[][], a clear and con-sis-tent pat-tern
 []

<LEGO_phantom_test.png, id=742, 453.0015pt x 124.173pt>
File: LEGO_phantom_test.png Graphic file (type png)
<use LEGO_phantom_test.png>
Package pdftex.def Info: LEGO_phantom_test.png  used on input line 1128.
(pdftex.def)             Requested size: 426.79135pt x 116.98788pt.

LaTeX Warning: `h' float specifier changed to `ht'.


Underfull \vbox (badness 10000) has occurred while \output is active []




Underfull \hbox (badness 1087) in paragraph at lines 1145--1147
\OT1/cmr/m/n/10 The project suc-cess-fully de-vel-oped and val-
 []


Underfull \hbox (badness 2384) in paragraph at lines 1145--1147
\OT1/cmr/m/n/10 i-dated 2 deep learn-ing frame-works, U-Net
 []


Underfull \vbox (badness 10000) has occurred while \output is active []



[23]



[24

 <./LEGO_phantom_test.png>] [25]
Underfull \hbox (badness 2376) in paragraph at lines 1174--1175
[]\OT1/cmr/m/n/10 Bruker. (2025). Phar-maS-can | Pre-clin-i-cal MRI. Re-trieved March 25, 2025, from
 []


Underfull \hbox (badness 10000) in paragraph at lines 1174--1175
[][]$\OT1/cmtt/m/n/10 https : / / www . bruker . com / en / products-[]and-[]solutions / preclinical-[]imaging / mri /
 []


Underfull \hbox (badness 10000) in paragraph at lines 1194--1195
[]\OT1/cmr/m/n/10 Amanrao. (2023, Septem-ber). Im-age Up-scal-ing us-ing Bicu-bic In-ter-po-la-tion
 []


Underfull \hbox (badness 10000) in paragraph at lines 1194--1195
\OT1/cmr/m/n/10 - Aman-rao - Medium. Re-trieved from [][]$\OT1/cmtt/m/n/10 https : / / medium . com / @amanrao032 /
 []


Underfull \hbox (badness 10000) in paragraph at lines 1196--1197
\OT1/cmr/m/n/10 intelligence.hashnode.dev/comprehensive-guide-to-the-relu-activation-function-in-neural-
 []



[26


]
Underfull \hbox (badness 7504) in paragraph at lines 1206--1207
[]\OT1/cmr/m/n/10 Sanghvirajit. (2025, March). Ev-ery-thing you need to know about Adam and
 []


Underfull \hbox (badness 10000) in paragraph at lines 1206--1207
\OT1/cmr/m/n/10 RM-Sprop Op-ti-mizer. Re-trieved from [][]$\OT1/cmtt/m/n/10 https : / / medium . com / analytics-[]vidhya /
 []


Underfull \hbox (badness 6332) in paragraph at lines 1208--1209
[]\OT1/cmr/m/n/10 Anderson, M. (2023, Febru-ary). Loss Func-tions in Ma-chine Learn-ing - Meta-
 []


Underfull \hbox (badness 10000) in paragraph at lines 1208--1209
\OT1/cmr/m/n/10 physic.ai. Re-trieved April 13, 2025, from [][]$\OT1/cmtt/m/n/10 https : / / blog . metaphysic . ai /
 []


Underfull \hbox (badness 4492) in paragraph at lines 1234--1236
[]\OT1/cmr/m/n/10 Massed Com-pute. (2025, Febru-ary). FAQ An-swers - Massed com-pute. Re-trieved
 []


Underfull \hbox (badness 10000) in paragraph at lines 1234--1236
\OT1/cmr/m/n/10 from [][]$\OT1/cmtt/m/n/10 https : / / massedcompute . com / faq-[]answers / ?question = What % 20are % 20the %
 []


Underfull \hbox (badness 10000) in paragraph at lines 1234--1236
\OT1/cmtt/m/n/10 20key % 20differences % 20between % 20Adam % 20and % 20SGD % 20optimizers % 20in % 20large %
 []



[27]
Overfull \hbox (46.05284pt too wide) in paragraph at lines 1270--1270
 []\OT1/cmss/bx/n/8 19/2 
 []


Overfull \hbox (46.05284pt too wide) in paragraph at lines 1270--1270
 []\OT1/cmss/bx/n/8 26/2 
 []


Overfull \hbox (41.65282pt too wide) in paragraph at lines 1270--1270
 []\OT1/cmss/bx/n/8 5/3 
 []


Overfull \hbox (46.05284pt too wide) in paragraph at lines 1270--1270
 []\OT1/cmss/bx/n/8 12/3 
 []


Overfull \hbox (46.05284pt too wide) in paragraph at lines 1270--1270
 []\OT1/cmss/bx/n/8 19/3 
 []


Overfull \hbox (46.05284pt too wide) in paragraph at lines 1270--1270
 []\OT1/cmss/bx/n/8 26/3 
 []


Overfull \hbox (41.65282pt too wide) in paragraph at lines 1270--1270
 []\OT1/cmss/bx/n/8 2/4 
 []


Overfull \hbox (41.65282pt too wide) in paragraph at lines 1270--1270
 []\OT1/cmss/bx/n/8 9/4 
 []


Overfull \hbox (46.05284pt too wide) in paragraph at lines 1270--1270
 []\OT1/cmss/bx/n/8 16/4 
 []


Overfull \hbox (46.05284pt too wide) in paragraph at lines 1270--1270
 []\OT1/cmss/bx/n/8 23/4 
 []


Overfull \hbox (46.05284pt too wide) in paragraph at lines 1270--1270
 []\OT1/cmss/bx/n/8 30/4 
 []


Overfull \hbox (41.65282pt too wide) in paragraph at lines 1270--1270
 []\OT1/cmss/bx/n/8 7/5 
 []


Overfull \hbox (46.05284pt too wide) in paragraph at lines 1270--1270
 []\OT1/cmss/bx/n/8 14/5 
 []



[28]
<bad_slice.png, id=824, 265.59225pt x 266.79675pt>
File: bad_slice.png Graphic file (type png)
<use bad_slice.png>
Package pdftex.def Info: bad_slice.png  used on input line 1294.
(pdftex.def)             Requested size: 128.0387pt x 128.62277pt.
<comparision cropped vs non cropped.png, id=825, 369.38pt x 194.7275pt>
File: comparision cropped vs non cropped.png Graphic file (type png)
<use comparision cropped vs non cropped.png>
Package pdftex.def Info: comparision cropped vs non cropped.png  used on input line 1301.
(pdftex.def)             Requested size: 192.0548pt x 101.24698pt.


[29 <./bad_slice.png> <./comparision cropped vs non cropped.png>]

Package amsfonts Warning: Obsolete command \bold; \mathbf should be used instead on input line 1316.


Underfull \hbox (badness 10000) in paragraph at lines 1314--1324

 []


Underfull \hbox (badness 10000) in paragraph at lines 1326--1330

 []


Underfull \hbox (badness 10000) in paragraph at lines 1335--1338

 []


Underfull \hbox (badness 10000) in paragraph at lines 1358--1362

 []

<With-Without_Random_Rotation.png, id=833, 638.88687pt x 323.70938pt>
File: With-Without_Random_Rotation.png Graphic file (type png)
<use With-Without_Random_Rotation.png>
Package pdftex.def Info: With-Without_Random_Rotation.png  used on input line 1374.
(pdftex.def)             Requested size: 341.43437pt x 172.99757pt.

LaTeX Warning: `!h' float specifier changed to `!ht'.



[30]
Underfull \hbox (badness 10000) in paragraph at lines 1382--1385

 []


Underfull \hbox (badness 10000) in paragraph at lines 1382--1385

 []


Underfull \hbox (badness 10000) in paragraph at lines 1406--1410

 []



[31 <./With-Without_Random_Rotation.png>]
Underfull \hbox (badness 10000) in paragraph at lines 1421--1424

 []


Underfull \hbox (badness 10000) in paragraph at lines 1448--1453

 []



[32]
<beta_sweep.png, id=875, 958.782pt x 380.01974pt>
File: beta_sweep.png Graphic file (type png)
<use beta_sweep.png>
Package pdftex.def Info: beta_sweep.png  used on input line 1473.
(pdftex.def)             Requested size: 341.43437pt x 135.32835pt.


[33 <./beta_sweep.png>]
<Mouse06_Sagittal_10_epoch_10.png, id=884, 881.2925pt x 181.67876pt>
File: Mouse06_Sagittal_10_epoch_10.png Graphic file (type png)
<use Mouse06_Sagittal_10_epoch_10.png>
Package pdftex.def Info: Mouse06_Sagittal_10_epoch_10.png  used on input line 1487.
(pdftex.def)             Requested size: 426.79135pt x 87.98378pt.
<Mouse06_Transax_28_epoch_10.png, id=885, 928.46875pt x 220.825pt>
File: Mouse06_Transax_28_epoch_10.png Graphic file (type png)
<use Mouse06_Transax_28_epoch_10.png>
Package pdftex.def Info: Mouse06_Transax_28_epoch_10.png  used on input line 1493.
(pdftex.def)             Requested size: 426.79135pt x 101.50996pt.
<Mouse10_Coronal_0_epoch_10.png, id=886, 914.41624pt x 187.70125pt>
File: Mouse10_Coronal_0_epoch_10.png Graphic file (type png)
<use Mouse10_Coronal_0_epoch_10.png>
Package pdftex.def Info: Mouse10_Coronal_0_epoch_10.png  used on input line 1499.
(pdftex.def)             Requested size: 426.79135pt x 87.60667pt.


[34

 <./Mouse06_Sagittal_10_epoch_10.png> <./Mouse06_Transax_28_epoch_10.png> <./Mouse10_Coronal_0_epoch_10.png>]
<Mouse10_Sagittal_THORAX-ABDOMEN_19_epoch_0.png, id=894, 908.39375pt x 189.70876pt>
File: Mouse10_Sagittal_THORAX-ABDOMEN_19_epoch_0.png Graphic file (type png)
<use Mouse10_Sagittal_THORAX-ABDOMEN_19_epoch_0.png>
Package pdftex.def Info: Mouse10_Sagittal_THORAX-ABDOMEN_19_epoch_0.png  used on input line 1508.
(pdftex.def)             Requested size: 426.79135pt x 89.13127pt.
<Mouse10_Transax_THORAX-ABDOMEN_16_epoch_0.png, id=895, 925.4575pt x 207.77625pt>
File: Mouse10_Transax_THORAX-ABDOMEN_16_epoch_0.png Graphic file (type png)
<use Mouse10_Transax_THORAX-ABDOMEN_16_epoch_0.png>
Package pdftex.def Info: Mouse10_Transax_THORAX-ABDOMEN_16_epoch_0.png  used on input line 1515.
(pdftex.def)             Requested size: 426.79135pt x 95.81917pt.
<Mouse06_Coronal_THORAX-ABDOMEN_12_epoch_0.png, id=896, 1066.98625pt x 220.825pt>
File: Mouse06_Coronal_THORAX-ABDOMEN_12_epoch_0.png Graphic file (type png)
<use Mouse06_Coronal_THORAX-ABDOMEN_12_epoch_0.png>
Package pdftex.def Info: Mouse06_Coronal_THORAX-ABDOMEN_12_epoch_0.png  used on input line 1522.
(pdftex.def)             Requested size: 426.79135pt x 88.32843pt.


[35 <./Mouse10_Sagittal_THORAX-ABDOMEN_19_epoch_0.png> <./Mouse10_Transax_THORAX-ABDOMEN_16_epoch_0.png> <./Mouse06_Coronal_THORAX-ABDOMEN_12_epoch_0.png>]
File: Mouse06_HEAD-THORAX_Coronal_14_Diffusion.png Graphic file (type png)
<use Mouse06_HEAD-THORAX_Coronal_14_Diffusion.png>
Package pdftex.def Info: Mouse06_HEAD-THORAX_Coronal_14_Diffusion.png  used on input line 1534.
(pdftex.def)             Requested size: 426.79135pt x 87.91248pt.
File: Mouse06_HEAD-THORAX_Coronal_14_UNet.png Graphic file (type png)
<use Mouse06_HEAD-THORAX_Coronal_14_UNet.png>
Package pdftex.def Info: Mouse06_HEAD-THORAX_Coronal_14_UNet.png  used on input line 1540.
(pdftex.def)             Requested size: 426.79135pt x 86.10301pt.
<Mouse06_HEAD-THORAX_Sagittal_14_Diffusion.png, id=904, 914.41624pt x 194.7275pt>
File: Mouse06_HEAD-THORAX_Sagittal_14_Diffusion.png Graphic file (type png)
<use Mouse06_HEAD-THORAX_Sagittal_14_Diffusion.png>
Package pdftex.def Info: Mouse06_HEAD-THORAX_Sagittal_14_Diffusion.png  used on input line 1546.
(pdftex.def)             Requested size: 426.79135pt x 90.88606pt.
<Mouse06_HEAD-THORAX_Sagittal_14_UNet.png, id=905, 910.40125pt x 209.78375pt>
File: Mouse06_HEAD-THORAX_Sagittal_14_UNet.png Graphic file (type png)
<use Mouse06_HEAD-THORAX_Sagittal_14_UNet.png>
Package pdftex.def Info: Mouse06_HEAD-THORAX_Sagittal_14_UNet.png  used on input line 1552.
(pdftex.def)             Requested size: 426.79135pt x 98.34547pt.
<Mouse06_HEAD-THORAX_Transax_20_Diffusion.png, id=906, 907.39pt x 195.73125pt>
File: Mouse06_HEAD-THORAX_Transax_20_Diffusion.png Graphic file (type png)
<use Mouse06_HEAD-THORAX_Transax_20_Diffusion.png>
Package pdftex.def Info: Mouse06_HEAD-THORAX_Transax_20_Diffusion.png  used on input line 1558.
(pdftex.def)             Requested size: 426.79135pt x 92.06238pt.
<Mouse06_HEAD-THORAX_Transax_20_UNet.png, id=907, 903.375pt x 196.735pt>
File: Mouse06_HEAD-THORAX_Transax_20_UNet.png Graphic file (type png)
<use Mouse06_HEAD-THORAX_Transax_20_UNet.png>
Package pdftex.def Info: Mouse06_HEAD-THORAX_Transax_20_UNet.png  used on input line 1564.
(pdftex.def)             Requested size: 426.79135pt x 92.94576pt.
<Mouse06_THORAX-ABDOMEN_Coronal_17_Diffusion.png, id=908, 864.22874pt x 187.70125pt>
File: Mouse06_THORAX-ABDOMEN_Coronal_17_Diffusion.png Graphic file (type png)
<use Mouse06_THORAX-ABDOMEN_Coronal_17_Diffusion.png>
Package pdftex.def Info: Mouse06_THORAX-ABDOMEN_Coronal_17_Diffusion.png  used on input line 1570.
(pdftex.def)             Requested size: 426.79135pt x 92.6933pt.
<Mouse06_THORAX-ABDOMEN_Coronal_17_UNet.png, id=909, 876.27374pt x 186.6975pt>
File: Mouse06_THORAX-ABDOMEN_Coronal_17_UNet.png Graphic file (type png)
<use Mouse06_THORAX-ABDOMEN_Coronal_17_UNet.png>
Package pdftex.def Info: Mouse06_THORAX-ABDOMEN_Coronal_17_UNet.png  used on input line 1576.
(pdftex.def)             Requested size: 426.79135pt x 90.93275pt.
<Mouse06_THORAX-ABDOMEN_Sagittal_17_Diffusion.png, id=910, 923.45pt x 206.7725pt>
File: Mouse06_THORAX-ABDOMEN_Sagittal_17_Diffusion.png Graphic file (type png)
<use Mouse06_THORAX-ABDOMEN_Sagittal_17_Diffusion.png>
Package pdftex.def Info: Mouse06_THORAX-ABDOMEN_Sagittal_17_Diffusion.png  used on input line 1582.
(pdftex.def)             Requested size: 426.79135pt x 95.56451pt.
<Mouse06_THORAX-ABDOMEN_Sagittal_17_UNet.png, id=911, 910.40125pt x 195.73125pt>
File: Mouse06_THORAX-ABDOMEN_Sagittal_17_UNet.png Graphic file (type png)
<use Mouse06_THORAX-ABDOMEN_Sagittal_17_UNet.png>
Package pdftex.def Info: Mouse06_THORAX-ABDOMEN_Sagittal_17_UNet.png  used on input line 1588.
(pdftex.def)             Requested size: 426.79135pt x 91.75775pt.
<Mouse10_THORAX-ABDOMEN_Transax_16_Diffusion.png, id=912, 897.3525pt x 192.72pt>
File: Mouse10_THORAX-ABDOMEN_Transax_16_Diffusion.png Graphic file (type png)
<use Mouse10_THORAX-ABDOMEN_Transax_16_Diffusion.png>
Package pdftex.def Info: Mouse10_THORAX-ABDOMEN_Transax_16_Diffusion.png  used on input line 1594.
(pdftex.def)             Requested size: 426.79135pt x 91.65762pt.
<Mouse10_THORAX-ABDOMEN_Transax_16_UNet.png, id=913, 889.3225pt x 187.70125pt>
File: Mouse10_THORAX-ABDOMEN_Transax_16_UNet.png Graphic file (type png)
<use Mouse10_THORAX-ABDOMEN_Transax_16_UNet.png>
Package pdftex.def Info: Mouse10_THORAX-ABDOMEN_Transax_16_UNet.png  used on input line 1600.
(pdftex.def)             Requested size: 426.79135pt x 90.07838pt.


[36 <./Mouse06_HEAD-THORAX_Sagittal_14_Diffusion.png>]

[37 <./Mouse06_HEAD-THORAX_Sagittal_14_UNet.png> <./Mouse06_HEAD-THORAX_Transax_20_Diffusion.png> <./Mouse06_HEAD-THORAX_Transax_20_UNet.png> <./Mouse06_THORAX-ABDOMEN_Coronal_17_Diffusion.png> <./Mouse06_THORAX-ABDOMEN_Coronal_17_UNet.png>]

[38 <./Mouse06_THORAX-ABDOMEN_Sagittal_17_Diffusion.png> <./Mouse06_THORAX-ABDOMEN_Sagittal_17_UNet.png> <./Mouse10_THORAX-ABDOMEN_Transax_16_Diffusion.png> <./Mouse10_THORAX-ABDOMEN_Transax_16_UNet.png>]

LaTeX Warning: `h' float specifier changed to `ht'.



[39]

[40] (main.aux)
 ***********
LaTeX2e <2024-11-01> patch level 2
L3 programming layer <2025-04-14>
 ***********


LaTeX Warning: There were undefined references.


LaTeX Warning: There were multiply-defined labels.

Package rerunfilecheck Info: File `main.out' has not changed.
(rerunfilecheck)             Checksum: 9151815D8F1A1C5387F1313DC7F5C9B2;11146.
 ) 
Here is how much of TeX's memory you used:
 40694 strings out of 469941
 978344 string characters out of 5469431
 1505998 words of memory out of 5000000
 66650 multiletter control sequences out of 15000+600000
 637969 words of font info for 81 fonts, out of 8000000 for 9000
 1141 hyphenation exceptions out of 8191
 99i,17n,101p,777b,2036s stack positions out of 10000i,1000n,20000p,200000b,200000s
 <C:\Users\wolfd\AppData\Local\MiKTeX\fonts/pk/ljfour/jknappen/ec/dpi600\tcss1000.pk> <C:\Users\wolfd\AppData\Local\MiKTeX\fonts/pk/ljfour/jknappen/ec/dpi600\tcrm1000.pk><C:/Users/wolfd/AppData/Local/Programs/MiKTeX/fonts/type1/public/amsfonts/cm/cmbx10.pfb><C:/Users/wolfd/AppData/Local/Programs/MiKTeX/fonts/type1/public/amsfonts/cm/cmbx12.pfb><C:/Users/wolfd/AppData/Local/Programs/MiKTeX/fonts/type1/public/amsfonts/cm/cmbx9.pfb><C:/Users/wolfd/AppData/Local/Programs/MiKTeX/fonts/type1/public/amsfonts/cm/cmex10.pfb><C:/Users/wolfd/AppData/Local/Programs/MiKTeX/fonts/type1/public/amsfonts/cm/cmmi10.pfb><C:/Users/wolfd/AppData/Local/Programs/MiKTeX/fonts/type1/public/amsfonts/cm/cmmi7.pfb><C:/Users/wolfd/AppData/Local/Programs/MiKTeX/fonts/type1/public/amsfonts/cm/cmr10.pfb><C:/Users/wolfd/AppData/Local/Programs/MiKTeX/fonts/type1/public/amsfonts/cm/cmr12.pfb><C:/Users/wolfd/AppData/Local/Programs/MiKTeX/fonts/type1/public/amsfonts/cm/cmr7.pfb><C:/Users/wolfd/AppData/Local/Programs/MiKTeX/fonts/type1/public/amsfonts/cm/cmr9.pfb><C:/Users/wolfd/AppData/Local/Programs/MiKTeX/fonts/type1/public/amsfonts/cm/cmss10.pfb><C:/Users/wolfd/AppData/Local/Programs/MiKTeX/fonts/type1/public/amsfonts/cm/cmss9.pfb><C:/Users/wolfd/AppData/Local/Programs/MiKTeX/fonts/type1/public/amsfonts/cm/cmssbx10.pfb><C:/Users/wolfd/AppData/Local/Programs/MiKTeX/fonts/type1/public/amsfonts/cm/cmsy10.pfb><C:/Users/wolfd/AppData/Local/Programs/MiKTeX/fonts/type1/public/amsfonts/cm/cmsy7.pfb><C:/Users/wolfd/AppData/Local/Programs/MiKTeX/fonts/type1/public/amsfonts/cm/cmti10.pfb><C:/Users/wolfd/AppData/Local/Programs/MiKTeX/fonts/type1/public/amsfonts/cm/cmtt10.pfb><C:/Users/wolfd/AppData/Local/Programs/MiKTeX/fonts/type1/public/amsfonts/symbols/msam10.pfb><C:/Users/wolfd/AppData/Local/Programs/MiKTeX/fonts/type1/public/amsfonts/symbols/msbm10.pfb>
Output written on main.pdf (41 pages, 13286037 bytes).
PDF statistics:
 1086 PDF objects out of 1200 (max. 8388607)
 242 named destinations out of 1000 (max. 500000)
 747 words of extra memory for PDF output out of 10000 (max. 10000000)

